[2024-12-27 18:13:29,231: INFO: main: Welcome to our custom datascience logger]
[2024-12-27 19:19:40,356: INFO: main: Welcome to our custom datascience logger]
[2024-12-27 21:34:25,881: INFO: common: yaml file: config\config.yaml loaded successfully]
[2024-12-27 21:34:25,884: INFO: common: yaml file: params.yaml loaded successfully]
[2024-12-27 21:34:25,889: INFO: common: yaml file: schema.yaml loaded successfully]
[2024-12-27 21:34:25,893: INFO: common: created directory at: artifacts]
[2024-12-27 21:34:25,897: INFO: common: created directory at: artifacts/data_ingestion]
[2024-12-27 21:34:27,027: INFO: 535005154: artifacts/data_ingestion/data.zip download! with following info: 
Connection: close
Content-Length: 23329
Cache-Control: max-age=300
Content-Security-Policy: default-src 'none'; style-src 'unsafe-inline'; sandbox
Content-Type: application/zip
ETag: "c69888a4ae59bc5a893392785a938ccd4937981c06ba8a9d6a21aa52b4ab5b6e"
Strict-Transport-Security: max-age=31536000
X-Content-Type-Options: nosniff
X-Frame-Options: deny
X-XSS-Protection: 1; mode=block
X-GitHub-Request-Id: A2FB:B4A33:16BC70:2012E7:676ED00B
Accept-Ranges: bytes
Date: Fri, 27 Dec 2024 16:04:27 GMT
Via: 1.1 varnish
X-Served-By: cache-del21742-DEL
X-Cache: MISS
X-Cache-Hits: 0
X-Timer: S1735315467.216698,VS0,VE302
Vary: Authorization,Accept-Encoding,Origin
Access-Control-Allow-Origin: *
Cross-Origin-Resource-Policy: cross-origin
X-Fastly-Request-ID: 6bcdd3df84fc0597c2f666a0cf61bdd9b2b6a9e8
Expires: Fri, 27 Dec 2024 16:09:27 GMT
Source-Age: 0

]
[2024-12-27 21:54:49,830: INFO: main: >>>>>> stage Data Ingestion stage started <<<<<<]
[2024-12-27 21:54:49,846: INFO: common: yaml file: config\config.yaml loaded successfully]
[2024-12-27 21:54:49,857: INFO: common: yaml file: params.yaml loaded successfully]
[2024-12-27 21:54:49,860: INFO: common: yaml file: schema.yaml loaded successfully]
[2024-12-27 21:54:49,891: INFO: common: created directory at: artifacts]
[2024-12-27 21:54:49,923: INFO: common: created directory at: artifacts/data_ingestion]
[2024-12-27 21:54:50,891: INFO: data_ingestion: artifacts/data_ingestion/data.zip download! with following info: 
Connection: close
Content-Length: 23329
Cache-Control: max-age=300
Content-Security-Policy: default-src 'none'; style-src 'unsafe-inline'; sandbox
Content-Type: application/zip
ETag: "c69888a4ae59bc5a893392785a938ccd4937981c06ba8a9d6a21aa52b4ab5b6e"
Strict-Transport-Security: max-age=31536000
X-Content-Type-Options: nosniff
X-Frame-Options: deny
X-XSS-Protection: 1; mode=block
X-GitHub-Request-Id: A2FB:B4A33:16BC70:2012E7:676ED00B
Accept-Ranges: bytes
Date: Fri, 27 Dec 2024 16:24:51 GMT
Via: 1.1 varnish
X-Served-By: cache-del21728-DEL
X-Cache: HIT
X-Cache-Hits: 0
X-Timer: S1735316691.150830,VS0,VE251
Vary: Authorization,Accept-Encoding,Origin
Access-Control-Allow-Origin: *
Cross-Origin-Resource-Policy: cross-origin
X-Fastly-Request-ID: ea4b9dc3904f80e5463f1e3fc0de0efb0310f1d4
Expires: Fri, 27 Dec 2024 16:29:51 GMT
Source-Age: 0

]
[2024-12-27 21:54:50,919: INFO: main: >>>>>> stage Data Ingestion stage completed <<<<<<

x==========x]
[2024-12-28 19:43:53,419: INFO: common: yaml file: config\config.yaml loaded successfully]
[2024-12-28 19:43:53,472: INFO: common: yaml file: params.yaml loaded successfully]
[2024-12-28 19:43:53,539: INFO: common: yaml file: schema.yaml loaded successfully]
[2024-12-28 19:43:53,554: INFO: common: created directory at: artifacts]
[2024-12-28 19:43:53,560: INFO: common: created directory at: artifacts/data_validation]
[2024-12-28 20:06:25,501: INFO: main: >>>>>> stage Data Ingestion stage started <<<<<<]
[2024-12-28 20:06:25,506: INFO: common: yaml file: config\config.yaml loaded successfully]
[2024-12-28 20:06:25,508: INFO: common: yaml file: params.yaml loaded successfully]
[2024-12-28 20:06:25,516: INFO: common: yaml file: schema.yaml loaded successfully]
[2024-12-28 20:06:25,517: INFO: common: created directory at: artifacts]
[2024-12-28 20:06:25,518: INFO: common: created directory at: artifacts/data_ingestion]
[2024-12-28 20:06:25,519: INFO: data_ingestion: File already exists]
[2024-12-28 20:06:25,538: INFO: main: >>>>>> stage Data Ingestion stage completed <<<<<<

x==========x]
[2024-12-28 20:06:25,540: INFO: main: >>>>>> stage Data Validation Stage started <<<<<<]
[2024-12-28 20:06:25,546: INFO: common: yaml file: config\config.yaml loaded successfully]
[2024-12-28 20:06:25,548: INFO: common: yaml file: params.yaml loaded successfully]
[2024-12-28 20:06:25,561: INFO: common: yaml file: schema.yaml loaded successfully]
[2024-12-28 20:06:25,562: INFO: common: created directory at: artifacts]
[2024-12-28 20:06:25,565: INFO: common: created directory at: artifacts/data_validation]
[2024-12-28 20:06:25,691: INFO: main: >>>>>> stage Data Validation Stage completed <<<<<<

x==========x]
[2024-12-28 20:06:58,198: INFO: main: >>>>>> stage Data Ingestion stage started <<<<<<]
[2024-12-28 20:06:58,200: INFO: common: yaml file: config\config.yaml loaded successfully]
[2024-12-28 20:06:58,204: INFO: common: yaml file: params.yaml loaded successfully]
[2024-12-28 20:06:58,217: INFO: common: yaml file: schema.yaml loaded successfully]
[2024-12-28 20:06:58,219: INFO: common: created directory at: artifacts]
[2024-12-28 20:06:58,220: INFO: common: created directory at: artifacts/data_ingestion]
[2024-12-28 20:06:58,220: INFO: data_ingestion: File already exists]
[2024-12-28 20:06:58,233: INFO: main: >>>>>> stage Data Ingestion stage completed <<<<<<

x==========x]
[2024-12-28 20:06:58,234: INFO: main: >>>>>> stage Data Validation Stage started <<<<<<]
[2024-12-28 20:06:58,245: INFO: common: yaml file: config\config.yaml loaded successfully]
[2024-12-28 20:06:58,257: INFO: common: yaml file: params.yaml loaded successfully]
[2024-12-28 20:06:58,268: INFO: common: yaml file: schema.yaml loaded successfully]
[2024-12-28 20:06:58,271: INFO: common: created directory at: artifacts]
[2024-12-28 20:06:58,275: INFO: common: created directory at: artifacts/data_validation]
[2024-12-28 20:06:58,341: INFO: main: >>>>>> stage Data Validation Stage completed <<<<<<

x==========x]
[2024-12-28 21:20:05,975: INFO: common: yaml file: config\config.yaml loaded successfully]
[2024-12-28 21:20:05,985: INFO: common: yaml file: params.yaml loaded successfully]
[2024-12-28 21:20:06,022: INFO: common: yaml file: schema.yaml loaded successfully]
[2024-12-28 21:20:06,030: INFO: common: created directory at: artifacts]
[2024-12-28 21:20:06,038: INFO: common: created directory at: artifacts/data_transformation]
[2024-12-28 21:20:06,231: INFO: 2148425976: Splited data into training and test sets]
[2024-12-28 21:20:06,235: INFO: 2148425976: (1199, 12)]
[2024-12-28 21:20:06,237: INFO: 2148425976: (400, 12)]
[2024-12-28 21:41:27,546: INFO: main: >>>>>> stage Data Ingestion stage started <<<<<<]
[2024-12-28 21:41:27,556: INFO: common: yaml file: config\config.yaml loaded successfully]
[2024-12-28 21:41:27,558: INFO: common: yaml file: params.yaml loaded successfully]
[2024-12-28 21:41:27,567: INFO: common: yaml file: schema.yaml loaded successfully]
[2024-12-28 21:41:27,570: INFO: common: created directory at: artifacts]
[2024-12-28 21:41:27,573: INFO: common: created directory at: artifacts/data_ingestion]
[2024-12-28 21:41:27,580: INFO: data_ingestion: File already exists]
[2024-12-28 21:41:27,620: INFO: main: >>>>>> stage Data Ingestion stage completed <<<<<<

x==========x]
[2024-12-28 21:41:27,623: INFO: main: >>>>>> stage Data Validation Stage started <<<<<<]
[2024-12-28 21:41:27,662: INFO: common: yaml file: config\config.yaml loaded successfully]
[2024-12-28 21:41:27,673: INFO: common: yaml file: params.yaml loaded successfully]
[2024-12-28 21:41:27,706: INFO: common: yaml file: schema.yaml loaded successfully]
[2024-12-28 21:41:27,709: INFO: common: created directory at: artifacts]
[2024-12-28 21:41:27,713: INFO: common: created directory at: artifacts/data_validation]
[2024-12-28 21:41:27,820: INFO: main: >>>>>> stage Data Validation Stage completed <<<<<<

x==========x]
[2024-12-28 21:41:27,822: INFO: main: >>>>>> stage Data Transformation Stage started <<<<<<]
[2024-12-28 21:41:27,846: INFO: common: yaml file: config\config.yaml loaded successfully]
[2024-12-28 21:41:27,849: INFO: common: yaml file: params.yaml loaded successfully]
[2024-12-28 21:41:27,856: INFO: common: yaml file: schema.yaml loaded successfully]
[2024-12-28 21:41:27,858: INFO: common: created directory at: artifacts]
[2024-12-28 21:41:27,859: INFO: common: created directory at: artifacts/data_transformation]
[2024-12-28 21:41:27,861: INFO: main: >>>>>> stage Data Transformation Stage completed <<<<<<

x==========x]
[2024-12-28 21:46:22,194: INFO: main: >>>>>> stage Data Ingestion stage started <<<<<<]
[2024-12-28 21:46:22,199: INFO: common: yaml file: config\config.yaml loaded successfully]
[2024-12-28 21:46:22,201: INFO: common: yaml file: params.yaml loaded successfully]
[2024-12-28 21:46:22,209: INFO: common: yaml file: schema.yaml loaded successfully]
[2024-12-28 21:46:22,211: INFO: common: created directory at: artifacts]
[2024-12-28 21:46:22,212: INFO: common: created directory at: artifacts/data_ingestion]
[2024-12-28 21:46:22,213: INFO: data_ingestion: File already exists]
[2024-12-28 21:46:22,233: INFO: main: >>>>>> stage Data Ingestion stage completed <<<<<<

x==========x]
[2024-12-28 21:46:22,235: INFO: main: >>>>>> stage Data Validation Stage started <<<<<<]
[2024-12-28 21:46:22,246: INFO: common: yaml file: config\config.yaml loaded successfully]
[2024-12-28 21:46:22,249: INFO: common: yaml file: params.yaml loaded successfully]
[2024-12-28 21:46:22,263: INFO: common: yaml file: schema.yaml loaded successfully]
[2024-12-28 21:46:22,265: INFO: common: created directory at: artifacts]
[2024-12-28 21:46:22,267: INFO: common: created directory at: artifacts/data_validation]
[2024-12-28 21:46:22,382: INFO: main: >>>>>> stage Data Validation Stage completed <<<<<<

x==========x]
[2024-12-28 21:46:22,383: INFO: main: >>>>>> stage Data Transformation Stage started <<<<<<]
[2024-12-28 21:46:22,395: INFO: common: yaml file: config\config.yaml loaded successfully]
[2024-12-28 21:46:22,399: INFO: common: yaml file: params.yaml loaded successfully]
[2024-12-28 21:46:22,416: INFO: common: yaml file: schema.yaml loaded successfully]
[2024-12-28 21:46:22,418: INFO: common: created directory at: artifacts]
[2024-12-28 21:46:22,419: INFO: common: created directory at: artifacts/data_transformation]
[2024-12-28 21:46:22,479: INFO: data_transformation: Splited data into training and test sets]
[2024-12-28 21:46:22,480: INFO: data_transformation: (1199, 12)]
[2024-12-28 21:46:22,481: INFO: data_transformation: (400, 12)]
[2024-12-28 21:46:22,485: INFO: main: >>>>>> stage Data Transformation Stage completed <<<<<<

x==========x]
[2024-12-28 22:08:30,529: INFO: common: yaml file: config\config.yaml loaded successfully]
[2024-12-28 22:08:30,553: INFO: common: yaml file: params.yaml loaded successfully]
[2024-12-28 22:08:30,567: INFO: common: yaml file: schema.yaml loaded successfully]
[2024-12-28 22:08:30,578: INFO: common: created directory at: artifacts]
[2024-12-28 22:08:30,586: INFO: common: created directory at: artifacts/model_trainer]
[2024-12-28 22:21:43,579: INFO: main: >>>>>> stage Data Ingestion stage started <<<<<<]
[2024-12-28 22:21:43,579: INFO: common: yaml file: config\config.yaml loaded successfully]
[2024-12-28 22:21:43,599: INFO: common: yaml file: params.yaml loaded successfully]
[2024-12-28 22:21:43,608: INFO: common: yaml file: schema.yaml loaded successfully]
[2024-12-28 22:21:43,612: INFO: common: created directory at: artifacts]
[2024-12-28 22:21:43,612: INFO: common: created directory at: artifacts/data_ingestion]
[2024-12-28 22:21:43,614: INFO: data_ingestion: File already exists]
[2024-12-28 22:21:43,635: INFO: main: >>>>>> stage Data Ingestion stage completed <<<<<<

x==========x]
[2024-12-28 22:21:43,635: INFO: main: >>>>>> stage Data Validation Stage started <<<<<<]
[2024-12-28 22:21:43,653: INFO: common: yaml file: config\config.yaml loaded successfully]
[2024-12-28 22:21:43,656: INFO: common: yaml file: params.yaml loaded successfully]
[2024-12-28 22:21:43,668: INFO: common: yaml file: schema.yaml loaded successfully]
[2024-12-28 22:21:43,678: INFO: common: created directory at: artifacts]
[2024-12-28 22:21:43,682: INFO: common: created directory at: artifacts/data_validation]
[2024-12-28 22:21:43,744: INFO: main: >>>>>> stage Data Validation Stage completed <<<<<<

x==========x]
[2024-12-28 22:21:43,744: INFO: main: >>>>>> stage Data Transformation Stage started <<<<<<]
[2024-12-28 22:21:43,764: INFO: common: yaml file: config\config.yaml loaded successfully]
[2024-12-28 22:21:43,766: INFO: common: yaml file: params.yaml loaded successfully]
[2024-12-28 22:21:43,775: INFO: common: yaml file: schema.yaml loaded successfully]
[2024-12-28 22:21:43,779: INFO: common: created directory at: artifacts]
[2024-12-28 22:21:43,783: INFO: common: created directory at: artifacts/data_transformation]
[2024-12-28 22:21:43,844: INFO: data_transformation: Splited data into training and test sets]
[2024-12-28 22:21:43,845: INFO: data_transformation: (1199, 12)]
[2024-12-28 22:21:43,846: INFO: data_transformation: (400, 12)]
[2024-12-28 22:21:43,849: INFO: main: >>>>>> stage Data Transformation Stage completed <<<<<<

x==========x]
[2024-12-28 22:21:43,850: INFO: main: >>>>>> stage Model Trainer Stage started <<<<<<]
[2024-12-28 22:21:43,870: INFO: common: yaml file: config\config.yaml loaded successfully]
[2024-12-28 22:21:43,870: INFO: common: yaml file: params.yaml loaded successfully]
[2024-12-28 22:21:43,877: INFO: common: yaml file: schema.yaml loaded successfully]
[2024-12-28 22:21:43,877: INFO: common: created directory at: artifacts]
[2024-12-28 22:21:43,883: ERROR: main: 'ConfigurationManager' object has no attribute 'get_model_trainer_config']
Traceback (most recent call last):
  File "C:\Users\LENOVO\Desktop\MLOpsProject\DATASCIENCEPROJECT\main.py", line 44, in <module>
    model_trainer.initiate_model_training()
  File "C:\Users\LENOVO\Desktop\MLOpsProject\DATASCIENCEPROJECT\src\datascience\pipeline\model_trainer_pipeline.py", line 14, in initiate_model_training
    model_trainer_config = config.get_model_trainer_config()
AttributeError: 'ConfigurationManager' object has no attribute 'get_model_trainer_config'
[2024-12-28 22:25:24,234: INFO: main: >>>>>> stage Data Ingestion stage started <<<<<<]
[2024-12-28 22:25:24,238: INFO: common: yaml file: config\config.yaml loaded successfully]
[2024-12-28 22:25:24,248: INFO: common: yaml file: params.yaml loaded successfully]
[2024-12-28 22:25:24,261: INFO: common: yaml file: schema.yaml loaded successfully]
[2024-12-28 22:25:24,263: INFO: common: created directory at: artifacts]
[2024-12-28 22:25:24,264: INFO: common: created directory at: artifacts/data_ingestion]
[2024-12-28 22:25:24,268: INFO: data_ingestion: File already exists]
[2024-12-28 22:25:24,280: INFO: main: >>>>>> stage Data Ingestion stage completed <<<<<<

x==========x]
[2024-12-28 22:25:24,280: INFO: main: >>>>>> stage Data Validation Stage started <<<<<<]
[2024-12-28 22:25:24,305: INFO: common: yaml file: config\config.yaml loaded successfully]
[2024-12-28 22:25:24,308: INFO: common: yaml file: params.yaml loaded successfully]
[2024-12-28 22:25:24,320: INFO: common: yaml file: schema.yaml loaded successfully]
[2024-12-28 22:25:24,322: INFO: common: created directory at: artifacts]
[2024-12-28 22:25:24,324: INFO: common: created directory at: artifacts/data_validation]
[2024-12-28 22:25:24,387: INFO: main: >>>>>> stage Data Validation Stage completed <<<<<<

x==========x]
[2024-12-28 22:25:24,389: INFO: main: >>>>>> stage Data Transformation Stage started <<<<<<]
[2024-12-28 22:25:24,402: INFO: common: yaml file: config\config.yaml loaded successfully]
[2024-12-28 22:25:24,407: INFO: common: yaml file: params.yaml loaded successfully]
[2024-12-28 22:25:24,410: INFO: common: yaml file: schema.yaml loaded successfully]
[2024-12-28 22:25:24,413: INFO: common: created directory at: artifacts]
[2024-12-28 22:25:24,416: INFO: common: created directory at: artifacts/data_transformation]
[2024-12-28 22:25:24,472: INFO: data_transformation: Splited data into training and test sets]
[2024-12-28 22:25:24,479: INFO: data_transformation: (1199, 12)]
[2024-12-28 22:25:24,480: INFO: data_transformation: (400, 12)]
[2024-12-28 22:25:24,482: INFO: main: >>>>>> stage Data Transformation Stage completed <<<<<<

x==========x]
[2024-12-28 22:25:24,483: INFO: main: >>>>>> stage Model Trainer Stage started <<<<<<]
[2024-12-28 22:25:24,495: INFO: common: yaml file: config\config.yaml loaded successfully]
[2024-12-28 22:25:24,499: INFO: common: yaml file: params.yaml loaded successfully]
[2024-12-28 22:25:24,505: INFO: common: yaml file: schema.yaml loaded successfully]
[2024-12-28 22:25:24,509: INFO: common: created directory at: artifacts]
[2024-12-28 22:25:24,510: ERROR: main: 'ConfigurationManager' object has no attribute 'get_model_trainer_config']
Traceback (most recent call last):
  File "C:\Users\LENOVO\Desktop\MLOpsProject\DATASCIENCEPROJECT\main.py", line 44, in <module>
    model_trainer.initiate_model_training()
  File "C:\Users\LENOVO\Desktop\MLOpsProject\DATASCIENCEPROJECT\src\datascience\pipeline\model_trainer_pipeline.py", line 14, in initiate_model_training
    model_trainer_config = config.get_model_trainer_config()
AttributeError: 'ConfigurationManager' object has no attribute 'get_model_trainer_config'
[2024-12-28 22:26:42,085: INFO: main: >>>>>> stage Data Ingestion stage started <<<<<<]
[2024-12-28 22:26:42,089: INFO: common: yaml file: config\config.yaml loaded successfully]
[2024-12-28 22:26:42,099: INFO: common: yaml file: params.yaml loaded successfully]
[2024-12-28 22:26:42,111: INFO: common: yaml file: schema.yaml loaded successfully]
[2024-12-28 22:26:42,113: INFO: common: created directory at: artifacts]
[2024-12-28 22:26:42,113: INFO: common: created directory at: artifacts/data_ingestion]
[2024-12-28 22:26:42,113: INFO: data_ingestion: File already exists]
[2024-12-28 22:26:42,125: INFO: main: >>>>>> stage Data Ingestion stage completed <<<<<<

x==========x]
[2024-12-28 22:26:42,126: INFO: main: >>>>>> stage Data Validation Stage started <<<<<<]
[2024-12-28 22:26:42,136: INFO: common: yaml file: config\config.yaml loaded successfully]
[2024-12-28 22:26:42,147: INFO: common: yaml file: params.yaml loaded successfully]
[2024-12-28 22:26:42,152: INFO: common: yaml file: schema.yaml loaded successfully]
[2024-12-28 22:26:42,161: INFO: common: created directory at: artifacts]
[2024-12-28 22:26:42,162: INFO: common: created directory at: artifacts/data_validation]
[2024-12-28 22:26:42,230: INFO: main: >>>>>> stage Data Validation Stage completed <<<<<<

x==========x]
[2024-12-28 22:26:42,234: INFO: main: >>>>>> stage Data Transformation Stage started <<<<<<]
[2024-12-28 22:26:42,240: INFO: common: yaml file: config\config.yaml loaded successfully]
[2024-12-28 22:26:42,246: INFO: common: yaml file: params.yaml loaded successfully]
[2024-12-28 22:26:42,251: INFO: common: yaml file: schema.yaml loaded successfully]
[2024-12-28 22:26:42,254: INFO: common: created directory at: artifacts]
[2024-12-28 22:26:42,255: INFO: common: created directory at: artifacts/data_transformation]
[2024-12-28 22:26:42,322: INFO: data_transformation: Splited data into training and test sets]
[2024-12-28 22:26:42,328: INFO: data_transformation: (1199, 12)]
[2024-12-28 22:26:42,329: INFO: data_transformation: (400, 12)]
[2024-12-28 22:26:42,331: INFO: main: >>>>>> stage Data Transformation Stage completed <<<<<<

x==========x]
[2024-12-28 22:26:42,333: INFO: main: >>>>>> stage Model Trainer Stage started <<<<<<]
[2024-12-28 22:26:42,354: INFO: common: yaml file: config\config.yaml loaded successfully]
[2024-12-28 22:26:42,358: INFO: common: yaml file: params.yaml loaded successfully]
[2024-12-28 22:26:42,365: INFO: common: yaml file: schema.yaml loaded successfully]
[2024-12-28 22:26:42,370: INFO: common: created directory at: artifacts]
[2024-12-28 22:26:42,371: ERROR: main: 'ConfigurationManager' object has no attribute 'get_model_trainer_config']
Traceback (most recent call last):
  File "C:\Users\LENOVO\Desktop\MLOpsProject\DATASCIENCEPROJECT\main.py", line 44, in <module>
    model_trainer.initiate_model_training()
  File "C:\Users\LENOVO\Desktop\MLOpsProject\DATASCIENCEPROJECT\src\datascience\pipeline\model_trainer_pipeline.py", line 14, in initiate_model_training
    model_trainer_config = config.get_model_trainer_config()
AttributeError: 'ConfigurationManager' object has no attribute 'get_model_trainer_config'
[2024-12-28 22:29:34,327: INFO: main: >>>>>> stage Data Ingestion stage started <<<<<<]
[2024-12-28 22:29:34,333: INFO: common: yaml file: config\config.yaml loaded successfully]
[2024-12-28 22:29:34,340: INFO: common: yaml file: params.yaml loaded successfully]
[2024-12-28 22:29:34,354: INFO: common: yaml file: schema.yaml loaded successfully]
[2024-12-28 22:29:34,355: INFO: common: created directory at: artifacts]
[2024-12-28 22:29:34,356: INFO: common: created directory at: artifacts/data_ingestion]
[2024-12-28 22:29:34,356: INFO: data_ingestion: File already exists]
[2024-12-28 22:29:34,368: INFO: main: >>>>>> stage Data Ingestion stage completed <<<<<<

x==========x]
[2024-12-28 22:29:34,369: INFO: main: >>>>>> stage Data Validation Stage started <<<<<<]
[2024-12-28 22:29:34,388: INFO: common: yaml file: config\config.yaml loaded successfully]
[2024-12-28 22:29:34,391: INFO: common: yaml file: params.yaml loaded successfully]
[2024-12-28 22:29:34,405: INFO: common: yaml file: schema.yaml loaded successfully]
[2024-12-28 22:29:34,406: INFO: common: created directory at: artifacts]
[2024-12-28 22:29:34,408: INFO: common: created directory at: artifacts/data_validation]
[2024-12-28 22:29:34,476: INFO: main: >>>>>> stage Data Validation Stage completed <<<<<<

x==========x]
[2024-12-28 22:29:34,477: INFO: main: >>>>>> stage Data Transformation Stage started <<<<<<]
[2024-12-28 22:29:34,484: INFO: common: yaml file: config\config.yaml loaded successfully]
[2024-12-28 22:29:34,493: INFO: common: yaml file: params.yaml loaded successfully]
[2024-12-28 22:29:34,496: INFO: common: yaml file: schema.yaml loaded successfully]
[2024-12-28 22:29:34,506: INFO: common: created directory at: artifacts]
[2024-12-28 22:29:34,508: INFO: common: created directory at: artifacts/data_transformation]
[2024-12-28 22:29:34,663: INFO: data_transformation: Splited data into training and test sets]
[2024-12-28 22:29:34,694: INFO: data_transformation: (1199, 12)]
[2024-12-28 22:29:34,741: INFO: data_transformation: (400, 12)]
[2024-12-28 22:29:34,771: INFO: main: >>>>>> stage Data Transformation Stage completed <<<<<<

x==========x]
[2024-12-28 22:29:34,773: INFO: main: >>>>>> stage Model Trainer Stage started <<<<<<]
[2024-12-28 22:29:34,783: INFO: common: yaml file: config\config.yaml loaded successfully]
[2024-12-28 22:29:34,787: INFO: common: yaml file: params.yaml loaded successfully]
[2024-12-28 22:29:34,803: INFO: common: yaml file: schema.yaml loaded successfully]
[2024-12-28 22:29:34,822: INFO: common: created directory at: artifacts]
[2024-12-28 22:29:34,833: ERROR: main: 'ConfigurationManager' object has no attribute 'get_model_trainer_config']
Traceback (most recent call last):
  File "C:\Users\LENOVO\Desktop\MLOpsProject\DATASCIENCEPROJECT\main.py", line 44, in <module>
    data_ingestion.initiate_model_training()
  File "C:\Users\LENOVO\Desktop\MLOpsProject\DATASCIENCEPROJECT\src\datascience\pipeline\model_trainer_pipeline.py", line 14, in initiate_model_training
    model_trainer_config = config.get_model_trainer_config()
AttributeError: 'ConfigurationManager' object has no attribute 'get_model_trainer_config'
[2024-12-28 22:31:51,507: INFO: main: >>>>>> stage Data Ingestion stage started <<<<<<]
[2024-12-28 22:31:51,510: INFO: common: yaml file: config\config.yaml loaded successfully]
[2024-12-28 22:31:51,519: INFO: common: yaml file: params.yaml loaded successfully]
[2024-12-28 22:31:51,531: INFO: common: yaml file: schema.yaml loaded successfully]
[2024-12-28 22:31:51,533: INFO: common: created directory at: artifacts]
[2024-12-28 22:31:51,533: INFO: common: created directory at: artifacts/data_ingestion]
[2024-12-28 22:31:51,535: INFO: data_ingestion: File already exists]
[2024-12-28 22:31:51,546: INFO: main: >>>>>> stage Data Ingestion stage completed <<<<<<

x==========x]
[2024-12-28 22:31:51,546: INFO: main: >>>>>> stage Data Validation Stage started <<<<<<]
[2024-12-28 22:31:51,567: INFO: common: yaml file: config\config.yaml loaded successfully]
[2024-12-28 22:31:51,572: INFO: common: yaml file: params.yaml loaded successfully]
[2024-12-28 22:31:51,579: INFO: common: yaml file: schema.yaml loaded successfully]
[2024-12-28 22:31:51,591: INFO: common: created directory at: artifacts]
[2024-12-28 22:31:51,595: INFO: common: created directory at: artifacts/data_validation]
[2024-12-28 22:31:51,665: INFO: main: >>>>>> stage Data Validation Stage completed <<<<<<

x==========x]
[2024-12-28 22:31:51,668: INFO: main: >>>>>> stage Data Transformation Stage started <<<<<<]
[2024-12-28 22:31:51,675: INFO: common: yaml file: config\config.yaml loaded successfully]
[2024-12-28 22:31:51,679: INFO: common: yaml file: params.yaml loaded successfully]
[2024-12-28 22:31:51,682: INFO: common: yaml file: schema.yaml loaded successfully]
[2024-12-28 22:31:51,693: INFO: common: created directory at: artifacts]
[2024-12-28 22:31:51,695: INFO: common: created directory at: artifacts/data_transformation]
[2024-12-28 22:31:51,783: INFO: data_transformation: Splited data into training and test sets]
[2024-12-28 22:31:51,787: INFO: data_transformation: (1199, 12)]
[2024-12-28 22:31:51,787: INFO: data_transformation: (400, 12)]
[2024-12-28 22:31:51,794: INFO: main: >>>>>> stage Data Transformation Stage completed <<<<<<

x==========x]
[2024-12-28 22:31:51,794: INFO: main: >>>>>> stage Model Trainer Stage started <<<<<<]
[2024-12-28 22:31:51,813: INFO: common: yaml file: config\config.yaml loaded successfully]
[2024-12-28 22:31:51,820: INFO: common: yaml file: params.yaml loaded successfully]
[2024-12-28 22:31:51,847: INFO: common: yaml file: schema.yaml loaded successfully]
[2024-12-28 22:31:51,851: INFO: common: created directory at: artifacts]
[2024-12-28 22:31:51,861: ERROR: main: 'ConfigurationManager' object has no attribute 'get_model_trainer_config']
Traceback (most recent call last):
  File "C:\Users\LENOVO\Desktop\MLOpsProject\DATASCIENCEPROJECT\main.py", line 44, in <module>
    model_trainer.initiate_model_training()
  File "C:\Users\LENOVO\Desktop\MLOpsProject\DATASCIENCEPROJECT\src\datascience\pipeline\model_trainer_pipeline.py", line 14, in initiate_model_training
    model_trainer_config = config.get_model_trainer_config()
AttributeError: 'ConfigurationManager' object has no attribute 'get_model_trainer_config'
[2024-12-28 22:34:03,167: INFO: main: >>>>>> stage Data Ingestion stage started <<<<<<]
[2024-12-28 22:34:03,171: INFO: common: yaml file: config\config.yaml loaded successfully]
[2024-12-28 22:34:03,179: INFO: common: yaml file: params.yaml loaded successfully]
[2024-12-28 22:34:03,191: INFO: common: yaml file: schema.yaml loaded successfully]
[2024-12-28 22:34:03,193: INFO: common: created directory at: artifacts]
[2024-12-28 22:34:03,194: INFO: common: created directory at: artifacts/data_ingestion]
[2024-12-28 22:34:03,194: INFO: data_ingestion: File already exists]
[2024-12-28 22:34:03,205: INFO: main: >>>>>> stage Data Ingestion stage completed <<<<<<

x==========x]
[2024-12-28 22:34:03,205: INFO: main: >>>>>> stage Data Validation Stage started <<<<<<]
[2024-12-28 22:34:03,217: INFO: common: yaml file: config\config.yaml loaded successfully]
[2024-12-28 22:34:03,225: INFO: common: yaml file: params.yaml loaded successfully]
[2024-12-28 22:34:03,234: INFO: common: yaml file: schema.yaml loaded successfully]
[2024-12-28 22:34:03,237: INFO: common: created directory at: artifacts]
[2024-12-28 22:34:03,238: INFO: common: created directory at: artifacts/data_validation]
[2024-12-28 22:34:03,297: INFO: main: >>>>>> stage Data Validation Stage completed <<<<<<

x==========x]
[2024-12-28 22:34:03,302: INFO: main: >>>>>> stage Data Transformation Stage started <<<<<<]
[2024-12-28 22:34:03,306: INFO: common: yaml file: config\config.yaml loaded successfully]
[2024-12-28 22:34:03,313: INFO: common: yaml file: params.yaml loaded successfully]
[2024-12-28 22:34:03,320: INFO: common: yaml file: schema.yaml loaded successfully]
[2024-12-28 22:34:03,323: INFO: common: created directory at: artifacts]
[2024-12-28 22:34:03,323: INFO: common: created directory at: artifacts/data_transformation]
[2024-12-28 22:34:03,382: INFO: data_transformation: Splited data into training and test sets]
[2024-12-28 22:34:03,387: INFO: data_transformation: (1199, 12)]
[2024-12-28 22:34:03,388: INFO: data_transformation: (400, 12)]
[2024-12-28 22:34:03,389: INFO: main: >>>>>> stage Data Transformation Stage completed <<<<<<

x==========x]
[2024-12-28 22:34:03,390: INFO: main: >>>>>> stage Model Trainer Stage started <<<<<<]
[2024-12-28 22:34:03,399: INFO: common: yaml file: config\config.yaml loaded successfully]
[2024-12-28 22:34:03,402: INFO: common: yaml file: params.yaml loaded successfully]
[2024-12-28 22:34:03,403: INFO: common: yaml file: schema.yaml loaded successfully]
[2024-12-28 22:34:03,414: INFO: common: created directory at: artifacts]
[2024-12-28 22:34:03,416: INFO: common: created directory at: artifacts/model_trainer]
[2024-12-28 22:34:03,517: INFO: main: >>>>>> stage Model Trainer Stage completed <<<<<<

x==========x]
[2024-12-29 18:35:21,613: INFO: common: yaml file: config\config.yaml loaded successfully]
[2024-12-29 18:35:21,698: INFO: common: yaml file: params.yaml loaded successfully]
[2024-12-29 18:35:21,741: INFO: common: yaml file: schema.yaml loaded successfully]
[2024-12-29 18:35:21,747: INFO: common: created directory at: artifacts]
[2024-12-29 18:35:21,756: INFO: common: created directory at: artifacts/model_evaluation]
[2024-12-29 18:38:53,683: INFO: common: yaml file: config\config.yaml loaded successfully]
[2024-12-29 18:38:53,696: INFO: common: yaml file: params.yaml loaded successfully]
[2024-12-29 18:38:53,713: INFO: common: yaml file: schema.yaml loaded successfully]
[2024-12-29 18:38:53,720: INFO: common: created directory at: artifacts]
[2024-12-29 18:38:53,726: INFO: common: created directory at: artifacts/model_evaluation]
[2024-12-29 18:41:58,662: INFO: common: yaml file: config\config.yaml loaded successfully]
[2024-12-29 18:41:58,670: INFO: common: yaml file: params.yaml loaded successfully]
[2024-12-29 18:41:58,684: INFO: common: yaml file: schema.yaml loaded successfully]
[2024-12-29 18:41:58,688: INFO: common: created directory at: artifacts]
[2024-12-29 18:41:58,692: INFO: common: created directory at: artifacts/model_evaluation]
[2024-12-29 18:43:32,165: INFO: common: yaml file: config\config.yaml loaded successfully]
[2024-12-29 18:43:32,173: INFO: common: yaml file: params.yaml loaded successfully]
[2024-12-29 18:43:32,187: INFO: common: yaml file: schema.yaml loaded successfully]
[2024-12-29 18:43:32,189: INFO: common: created directory at: artifacts]
[2024-12-29 18:43:32,195: INFO: common: created directory at: artifacts/model_trainer]
[2024-12-29 18:49:17,842: INFO: common: yaml file: config\config.yaml loaded successfully]
[2024-12-29 18:49:17,859: INFO: common: yaml file: params.yaml loaded successfully]
[2024-12-29 18:49:17,873: INFO: common: yaml file: schema.yaml loaded successfully]
[2024-12-29 18:49:17,879: INFO: common: created directory at: artifacts]
[2024-12-29 18:49:17,883: INFO: common: created directory at: artifacts/model_evaluation]
[2024-12-29 18:50:23,518: INFO: common: yaml file: config\config.yaml loaded successfully]
[2024-12-29 18:50:23,528: INFO: common: yaml file: params.yaml loaded successfully]
[2024-12-29 18:50:23,540: INFO: common: yaml file: schema.yaml loaded successfully]
[2024-12-29 18:50:23,545: INFO: common: created directory at: artifacts]
[2024-12-29 18:50:23,545: INFO: common: created directory at: artifacts/model_evaluation]
[2024-12-29 18:55:42,539: INFO: common: yaml file: config\config.yaml loaded successfully]
[2024-12-29 18:55:42,551: INFO: common: yaml file: params.yaml loaded successfully]
[2024-12-29 18:55:42,562: INFO: common: yaml file: schema.yaml loaded successfully]
[2024-12-29 18:55:42,574: INFO: common: created directory at: artifacts]
[2024-12-29 18:55:42,577: INFO: common: created directory at: artifacts/model_evaluation]
[2024-12-29 18:56:55,552: INFO: common: yaml file: config\config.yaml loaded successfully]
[2024-12-29 18:56:55,556: INFO: common: yaml file: params.yaml loaded successfully]
[2024-12-29 18:56:55,573: INFO: common: yaml file: schema.yaml loaded successfully]
[2024-12-29 18:56:55,577: INFO: common: created directory at: artifacts]
[2024-12-29 18:56:55,581: INFO: common: created directory at: artifacts/model_evaluation]
[2024-12-29 18:57:01,958: INFO: common: yaml file: config\config.yaml loaded successfully]
[2024-12-29 18:57:01,967: INFO: common: yaml file: params.yaml loaded successfully]
[2024-12-29 18:57:01,977: INFO: common: yaml file: schema.yaml loaded successfully]
[2024-12-29 18:57:01,984: INFO: common: created directory at: artifacts]
[2024-12-29 18:57:01,988: INFO: common: created directory at: artifacts/model_evaluation]
[2024-12-29 18:58:25,536: INFO: common: yaml file: config\config.yaml loaded successfully]
[2024-12-29 18:58:25,544: INFO: common: yaml file: params.yaml loaded successfully]
[2024-12-29 18:58:25,564: INFO: common: yaml file: schema.yaml loaded successfully]
[2024-12-29 18:58:25,567: INFO: common: created directory at: artifacts]
[2024-12-29 18:58:25,572: INFO: common: created directory at: artifacts/model_evaluation]
[2024-12-29 19:04:29,885: INFO: main: >>>>>> stage Data Ingestion stage started <<<<<<]
[2024-12-29 19:04:29,890: INFO: common: yaml file: config\config.yaml loaded successfully]
[2024-12-29 19:04:29,900: INFO: common: yaml file: params.yaml loaded successfully]
[2024-12-29 19:04:29,907: INFO: common: yaml file: schema.yaml loaded successfully]
[2024-12-29 19:04:29,910: INFO: common: created directory at: artifacts]
[2024-12-29 19:04:29,911: INFO: common: created directory at: artifacts/data_ingestion]
[2024-12-29 19:04:29,917: INFO: data_ingestion: File already exists]
[2024-12-29 19:04:29,936: INFO: main: >>>>>> stage Data Ingestion stage completed <<<<<<

x==========x]
[2024-12-29 19:04:29,938: INFO: main: >>>>>> stage Data Validation Stage started <<<<<<]
[2024-12-29 19:04:29,965: INFO: common: yaml file: config\config.yaml loaded successfully]
[2024-12-29 19:04:29,974: INFO: common: yaml file: params.yaml loaded successfully]
[2024-12-29 19:04:29,992: INFO: common: yaml file: schema.yaml loaded successfully]
[2024-12-29 19:04:29,997: INFO: common: created directory at: artifacts]
[2024-12-29 19:04:29,998: INFO: common: created directory at: artifacts/data_validation]
[2024-12-29 19:04:30,068: INFO: main: >>>>>> stage Data Validation Stage completed <<<<<<

x==========x]
[2024-12-29 19:04:30,069: INFO: main: >>>>>> stage Data Transformation Stage started <<<<<<]
[2024-12-29 19:04:30,081: INFO: common: yaml file: config\config.yaml loaded successfully]
[2024-12-29 19:04:30,090: INFO: common: yaml file: params.yaml loaded successfully]
[2024-12-29 19:04:30,094: INFO: common: yaml file: schema.yaml loaded successfully]
[2024-12-29 19:04:30,103: INFO: common: created directory at: artifacts]
[2024-12-29 19:04:30,106: INFO: common: created directory at: artifacts/data_transformation]
[2024-12-29 19:04:30,191: INFO: data_transformation: Splited data into training and test sets]
[2024-12-29 19:04:30,193: INFO: data_transformation: (1199, 12)]
[2024-12-29 19:04:30,193: INFO: data_transformation: (400, 12)]
[2024-12-29 19:04:30,195: INFO: main: >>>>>> stage Data Transformation Stage completed <<<<<<

x==========x]
[2024-12-29 19:04:30,196: INFO: main: >>>>>> stage Model Trainer Stage started <<<<<<]
[2024-12-29 19:04:30,199: INFO: common: yaml file: config\config.yaml loaded successfully]
[2024-12-29 19:04:30,207: INFO: common: yaml file: params.yaml loaded successfully]
[2024-12-29 19:04:30,210: INFO: common: yaml file: schema.yaml loaded successfully]
[2024-12-29 19:04:30,214: INFO: common: created directory at: artifacts]
[2024-12-29 19:04:30,215: INFO: common: created directory at: artifacts/model_trainer]
[2024-12-29 19:04:30,317: INFO: main: >>>>>> stage Model Trainer Stage completed <<<<<<

x==========x]
[2024-12-29 19:17:24,973: INFO: main: >>>>>> stage Data Ingestion stage started <<<<<<]
[2024-12-29 19:17:24,991: INFO: common: yaml file: config\config.yaml loaded successfully]
[2024-12-29 19:17:24,997: INFO: common: yaml file: params.yaml loaded successfully]
[2024-12-29 19:17:25,008: INFO: common: yaml file: schema.yaml loaded successfully]
[2024-12-29 19:17:25,009: INFO: common: created directory at: artifacts]
[2024-12-29 19:17:25,010: INFO: common: created directory at: artifacts/data_ingestion]
[2024-12-29 19:17:25,011: INFO: data_ingestion: File already exists]
[2024-12-29 19:17:25,025: INFO: main: >>>>>> stage Data Ingestion stage completed <<<<<<

x==========x]
[2024-12-29 19:17:25,028: INFO: main: >>>>>> stage Data Validation Stage started <<<<<<]
[2024-12-29 19:17:25,045: INFO: common: yaml file: config\config.yaml loaded successfully]
[2024-12-29 19:17:25,052: INFO: common: yaml file: params.yaml loaded successfully]
[2024-12-29 19:17:25,068: INFO: common: yaml file: schema.yaml loaded successfully]
[2024-12-29 19:17:25,071: INFO: common: created directory at: artifacts]
[2024-12-29 19:17:25,076: INFO: common: created directory at: artifacts/data_validation]
[2024-12-29 19:17:25,163: INFO: main: >>>>>> stage Data Validation Stage completed <<<<<<

x==========x]
[2024-12-29 19:17:25,165: INFO: main: >>>>>> stage Data Transformation Stage started <<<<<<]
[2024-12-29 19:17:25,194: INFO: common: yaml file: config\config.yaml loaded successfully]
[2024-12-29 19:17:25,201: INFO: common: yaml file: params.yaml loaded successfully]
[2024-12-29 19:17:25,207: INFO: common: yaml file: schema.yaml loaded successfully]
[2024-12-29 19:17:25,211: INFO: common: created directory at: artifacts]
[2024-12-29 19:17:25,214: INFO: common: created directory at: artifacts/data_transformation]
[2024-12-29 19:17:25,276: INFO: data_transformation: Splited data into training and test sets]
[2024-12-29 19:17:25,279: INFO: data_transformation: (1199, 12)]
[2024-12-29 19:17:25,281: INFO: data_transformation: (400, 12)]
[2024-12-29 19:17:25,283: INFO: main: >>>>>> stage Data Transformation Stage completed <<<<<<

x==========x]
[2024-12-29 19:17:25,285: INFO: main: >>>>>> stage Model Trainer Stage started <<<<<<]
[2024-12-29 19:17:25,301: INFO: common: yaml file: config\config.yaml loaded successfully]
[2024-12-29 19:17:25,307: INFO: common: yaml file: params.yaml loaded successfully]
[2024-12-29 19:17:25,318: INFO: common: yaml file: schema.yaml loaded successfully]
[2024-12-29 19:17:25,323: INFO: common: created directory at: artifacts]
[2024-12-29 19:17:25,327: INFO: common: created directory at: artifacts/model_trainer]
[2024-12-29 19:17:25,467: INFO: main: >>>>>> stage Model Trainer Stage completed <<<<<<

x==========x]
[2024-12-29 19:30:49,071: INFO: main: >>>>>> stage Data Ingestion stage started <<<<<<]
[2024-12-29 19:30:49,085: INFO: common: yaml file: config\config.yaml loaded successfully]
[2024-12-29 19:30:49,092: INFO: common: yaml file: params.yaml loaded successfully]
[2024-12-29 19:30:49,104: INFO: common: yaml file: schema.yaml loaded successfully]
[2024-12-29 19:30:49,107: INFO: common: created directory at: artifacts]
[2024-12-29 19:30:49,108: INFO: common: created directory at: artifacts/data_ingestion]
[2024-12-29 19:30:49,110: INFO: data_ingestion: File already exists]
[2024-12-29 19:30:49,134: INFO: main: >>>>>> stage Data Ingestion stage completed <<<<<<

x==========x]
[2024-12-29 19:30:49,135: INFO: main: >>>>>> stage Data Validation Stage started <<<<<<]
[2024-12-29 19:30:49,170: INFO: common: yaml file: config\config.yaml loaded successfully]
[2024-12-29 19:30:49,174: INFO: common: yaml file: params.yaml loaded successfully]
[2024-12-29 19:30:49,187: INFO: common: yaml file: schema.yaml loaded successfully]
[2024-12-29 19:30:49,190: INFO: common: created directory at: artifacts]
[2024-12-29 19:30:49,191: INFO: common: created directory at: artifacts/data_validation]
[2024-12-29 19:30:49,278: INFO: main: >>>>>> stage Data Validation Stage completed <<<<<<

x==========x]
[2024-12-29 19:30:49,284: INFO: main: >>>>>> stage Data Transformation Stage started <<<<<<]
[2024-12-29 19:30:49,302: INFO: common: yaml file: config\config.yaml loaded successfully]
[2024-12-29 19:30:49,304: INFO: common: yaml file: params.yaml loaded successfully]
[2024-12-29 19:30:49,310: INFO: common: yaml file: schema.yaml loaded successfully]
[2024-12-29 19:30:49,312: INFO: common: created directory at: artifacts]
[2024-12-29 19:30:49,317: INFO: common: created directory at: artifacts/data_transformation]
[2024-12-29 19:30:49,384: INFO: data_transformation: Splited data into training and test sets]
[2024-12-29 19:30:49,386: INFO: data_transformation: (1199, 12)]
[2024-12-29 19:30:49,387: INFO: data_transformation: (400, 12)]
[2024-12-29 19:30:49,389: INFO: main: >>>>>> stage Data Transformation Stage completed <<<<<<

x==========x]
[2024-12-29 19:30:49,389: INFO: main: >>>>>> stage Model Trainer Stage started <<<<<<]
[2024-12-29 19:30:49,397: INFO: common: yaml file: config\config.yaml loaded successfully]
[2024-12-29 19:30:49,400: INFO: common: yaml file: params.yaml loaded successfully]
[2024-12-29 19:30:49,408: INFO: common: yaml file: schema.yaml loaded successfully]
[2024-12-29 19:30:49,411: INFO: common: created directory at: artifacts]
[2024-12-29 19:30:49,415: INFO: common: created directory at: artifacts/model_trainer]
[2024-12-29 19:30:49,513: INFO: main: >>>>>> stage Model Trainer Stage completed <<<<<<

x==========x]
[2024-12-29 19:30:49,515: INFO: main: >>>>>> stage Model evaluation stage started <<<<<<]
[2024-12-29 19:30:49,517: INFO: common: yaml file: config\config.yaml loaded successfully]
[2024-12-29 19:30:49,529: INFO: common: yaml file: params.yaml loaded successfully]
[2024-12-29 19:30:49,532: INFO: common: yaml file: schema.yaml loaded successfully]
[2024-12-29 19:30:49,539: INFO: common: created directory at: artifacts]
[2024-12-29 19:30:49,540: INFO: common: created directory at: artifacts/model_evaluation]
[2024-12-29 19:30:53,028: INFO: common: json file saved at: artifacts\model_evaluation\metrics.json]
[2024-12-29 19:31:15,535: INFO: main: >>>>>> stage Model evaluation stage completed <<<<<<

x==========x]
[2024-12-29 19:39:49,153: INFO: main: >>>>>> stage Data Ingestion stage started <<<<<<]
[2024-12-29 19:39:49,160: INFO: common: yaml file: config\config.yaml loaded successfully]
[2024-12-29 19:39:49,178: INFO: common: yaml file: params.yaml loaded successfully]
[2024-12-29 19:39:49,184: INFO: common: yaml file: schema.yaml loaded successfully]
[2024-12-29 19:39:49,189: INFO: common: created directory at: artifacts]
[2024-12-29 19:39:49,195: INFO: common: created directory at: artifacts/data_ingestion]
[2024-12-29 19:39:49,196: INFO: data_ingestion: File already exists]
[2024-12-29 19:39:49,218: INFO: main: >>>>>> stage Data Ingestion stage completed <<<<<<

x==========x]
[2024-12-29 19:39:49,221: INFO: main: >>>>>> stage Data Validation Stage started <<<<<<]
[2024-12-29 19:39:49,254: INFO: common: yaml file: config\config.yaml loaded successfully]
[2024-12-29 19:39:49,263: INFO: common: yaml file: params.yaml loaded successfully]
[2024-12-29 19:39:49,270: INFO: common: yaml file: schema.yaml loaded successfully]
[2024-12-29 19:39:49,272: INFO: common: created directory at: artifacts]
[2024-12-29 19:39:49,273: INFO: common: created directory at: artifacts/data_validation]
[2024-12-29 19:39:49,372: INFO: main: >>>>>> stage Data Validation Stage completed <<<<<<

x==========x]
[2024-12-29 19:39:49,374: INFO: main: >>>>>> stage Data Transformation Stage started <<<<<<]
[2024-12-29 19:39:49,395: INFO: common: yaml file: config\config.yaml loaded successfully]
[2024-12-29 19:39:49,400: INFO: common: yaml file: params.yaml loaded successfully]
[2024-12-29 19:39:49,415: INFO: common: yaml file: schema.yaml loaded successfully]
[2024-12-29 19:39:49,417: INFO: common: created directory at: artifacts]
[2024-12-29 19:39:49,418: INFO: common: created directory at: artifacts/data_transformation]
[2024-12-29 19:39:49,491: INFO: data_transformation: Splited data into training and test sets]
[2024-12-29 19:39:49,495: INFO: data_transformation: (1199, 12)]
[2024-12-29 19:39:49,496: INFO: data_transformation: (400, 12)]
[2024-12-29 19:39:49,498: INFO: main: >>>>>> stage Data Transformation Stage completed <<<<<<

x==========x]
[2024-12-29 19:39:49,500: INFO: main: >>>>>> stage Model Trainer Stage started <<<<<<]
[2024-12-29 19:39:49,511: INFO: common: yaml file: config\config.yaml loaded successfully]
[2024-12-29 19:39:49,525: INFO: common: yaml file: params.yaml loaded successfully]
[2024-12-29 19:39:49,543: INFO: common: yaml file: schema.yaml loaded successfully]
[2024-12-29 19:39:49,548: INFO: common: created directory at: artifacts]
[2024-12-29 19:39:49,551: INFO: common: created directory at: artifacts/model_trainer]
[2024-12-29 19:39:49,681: INFO: main: >>>>>> stage Model Trainer Stage completed <<<<<<

x==========x]
[2024-12-29 19:39:49,685: INFO: main: >>>>>> stage Model evaluation stage started <<<<<<]
[2024-12-29 19:39:49,691: INFO: common: yaml file: config\config.yaml loaded successfully]
[2024-12-29 19:39:49,698: INFO: common: yaml file: params.yaml loaded successfully]
[2024-12-29 19:39:49,712: INFO: common: yaml file: schema.yaml loaded successfully]
[2024-12-29 19:39:49,714: INFO: common: created directory at: artifacts]
[2024-12-29 19:39:49,716: INFO: common: created directory at: artifacts/model_evaluation]
[2024-12-29 19:39:53,751: INFO: common: json file saved at: artifacts\model_evaluation\metrics.json]
[2024-12-29 19:40:20,603: INFO: main: >>>>>> stage Model evaluation stage completed <<<<<<

x==========x]
[2024-12-29 20:05:30,784: INFO: _internal: [31m[1mWARNING: This is a development server. Do not use it in a production deployment. Use a production WSGI server instead.[0m
 * Running on all addresses (0.0.0.0)
 * Running on http://127.0.0.1:8080
 * Running on http://192.168.29.131:8080]
[2024-12-29 20:05:30,786: INFO: _internal: [33mPress CTRL+C to quit[0m]
[2024-12-29 20:05:47,860: INFO: _internal: 127.0.0.1 - - [29/Dec/2024 20:05:47] "GET / HTTP/1.1" 200 -]
[2024-12-29 20:05:47,971: INFO: _internal: 127.0.0.1 - - [29/Dec/2024 20:05:47] "[33mGET /static/assets/img/form-v9.jpg HTTP/1.1[0m" 404 -]
[2024-12-29 20:05:49,101: INFO: _internal: 127.0.0.1 - - [29/Dec/2024 20:05:49] "[33mGET /favicon.ico HTTP/1.1[0m" 404 -]
[2024-12-29 20:07:23,372: INFO: _internal: 127.0.0.1 - - [29/Dec/2024 20:07:23] "POST /predict HTTP/1.1" 200 -]
[2024-12-29 20:07:44,437: INFO: _internal: 127.0.0.1 - - [29/Dec/2024 20:07:44] "GET / HTTP/1.1" 200 -]
[2024-12-29 20:07:44,536: INFO: _internal: 127.0.0.1 - - [29/Dec/2024 20:07:44] "[33mGET /static/assets/img/form-v9.jpg HTTP/1.1[0m" 404 -]
[2024-12-29 20:07:49,597: INFO: main: >>>>>> stage Data Ingestion stage started <<<<<<]
[2024-12-29 20:07:49,614: INFO: common: yaml file: config\config.yaml loaded successfully]
[2024-12-29 20:07:49,624: INFO: common: yaml file: params.yaml loaded successfully]
[2024-12-29 20:07:49,649: INFO: common: yaml file: schema.yaml loaded successfully]
[2024-12-29 20:07:49,655: INFO: common: created directory at: artifacts]
[2024-12-29 20:07:49,658: INFO: common: created directory at: artifacts/data_ingestion]
[2024-12-29 20:07:49,671: INFO: data_ingestion: File already exists]
[2024-12-29 20:07:49,716: INFO: main: >>>>>> stage Data Ingestion stage completed <<<<<<

x==========x]
[2024-12-29 20:07:49,719: INFO: main: >>>>>> stage Data Validation Stage started <<<<<<]
[2024-12-29 20:07:49,808: INFO: common: yaml file: config\config.yaml loaded successfully]
[2024-12-29 20:07:49,819: INFO: common: yaml file: params.yaml loaded successfully]
[2024-12-29 20:07:49,873: INFO: common: yaml file: schema.yaml loaded successfully]
[2024-12-29 20:07:49,883: INFO: common: created directory at: artifacts]
[2024-12-29 20:07:49,887: INFO: common: created directory at: artifacts/data_validation]
[2024-12-29 20:07:49,986: INFO: main: >>>>>> stage Data Validation Stage completed <<<<<<

x==========x]
[2024-12-29 20:07:49,987: INFO: main: >>>>>> stage Data Transformation Stage started <<<<<<]
[2024-12-29 20:07:49,997: INFO: common: yaml file: config\config.yaml loaded successfully]
[2024-12-29 20:07:50,002: INFO: common: yaml file: params.yaml loaded successfully]
[2024-12-29 20:07:50,023: INFO: common: yaml file: schema.yaml loaded successfully]
[2024-12-29 20:07:50,025: INFO: common: created directory at: artifacts]
[2024-12-29 20:07:50,038: INFO: common: created directory at: artifacts/data_transformation]
[2024-12-29 20:07:50,227: INFO: data_transformation: Splited data into training and test sets]
[2024-12-29 20:07:50,237: INFO: data_transformation: (1199, 12)]
[2024-12-29 20:07:50,238: INFO: data_transformation: (400, 12)]
[2024-12-29 20:07:50,254: INFO: main: >>>>>> stage Data Transformation Stage completed <<<<<<

x==========x]
[2024-12-29 20:07:50,258: INFO: main: >>>>>> stage Model Trainer Stage started <<<<<<]
[2024-12-29 20:07:50,315: INFO: common: yaml file: config\config.yaml loaded successfully]
[2024-12-29 20:07:50,321: INFO: common: yaml file: params.yaml loaded successfully]
[2024-12-29 20:07:50,330: INFO: common: yaml file: schema.yaml loaded successfully]
[2024-12-29 20:07:50,333: INFO: common: created directory at: artifacts]
[2024-12-29 20:07:50,335: INFO: common: created directory at: artifacts/model_trainer]
[2024-12-29 20:07:51,455: INFO: main: >>>>>> stage Model Trainer Stage completed <<<<<<

x==========x]
[2024-12-29 20:07:51,457: INFO: main: >>>>>> stage Model evaluation stage started <<<<<<]
[2024-12-29 20:07:51,486: INFO: common: yaml file: config\config.yaml loaded successfully]
[2024-12-29 20:07:51,541: INFO: common: yaml file: params.yaml loaded successfully]
[2024-12-29 20:07:51,620: INFO: common: yaml file: schema.yaml loaded successfully]
[2024-12-29 20:07:51,624: INFO: common: created directory at: artifacts]
[2024-12-29 20:07:51,638: INFO: common: created directory at: artifacts/model_evaluation]
[2024-12-29 20:07:56,096: INFO: common: json file saved at: artifacts\model_evaluation\metrics.json]
[2024-12-29 20:08:12,551: INFO: main: >>>>>> stage Model evaluation stage completed <<<<<<

x==========x]
[2024-12-29 20:08:13,155: INFO: _internal: 127.0.0.1 - - [29/Dec/2024 20:08:13] "GET /train HTTP/1.1" 200 -]
[2024-12-29 20:09:51,530: INFO: main: >>>>>> stage Data Ingestion stage started <<<<<<]
[2024-12-29 20:09:51,540: INFO: common: yaml file: config\config.yaml loaded successfully]
[2024-12-29 20:09:51,546: INFO: common: yaml file: params.yaml loaded successfully]
[2024-12-29 20:09:51,556: INFO: common: yaml file: schema.yaml loaded successfully]
[2024-12-29 20:09:51,558: INFO: common: created directory at: artifacts]
[2024-12-29 20:09:51,560: INFO: common: created directory at: artifacts/data_ingestion]
[2024-12-29 20:09:51,561: INFO: data_ingestion: File already exists]
[2024-12-29 20:09:51,589: INFO: main: >>>>>> stage Data Ingestion stage completed <<<<<<

x==========x]
[2024-12-29 20:09:51,592: INFO: main: >>>>>> stage Data Validation Stage started <<<<<<]
[2024-12-29 20:09:51,608: INFO: common: yaml file: config\config.yaml loaded successfully]
[2024-12-29 20:09:51,611: INFO: common: yaml file: params.yaml loaded successfully]
[2024-12-29 20:09:51,615: INFO: common: yaml file: schema.yaml loaded successfully]
[2024-12-29 20:09:51,617: INFO: common: created directory at: artifacts]
[2024-12-29 20:09:51,620: INFO: common: created directory at: artifacts/data_validation]
[2024-12-29 20:09:51,723: INFO: main: >>>>>> stage Data Validation Stage completed <<<<<<

x==========x]
[2024-12-29 20:09:51,724: INFO: main: >>>>>> stage Data Transformation Stage started <<<<<<]
[2024-12-29 20:09:51,740: INFO: common: yaml file: config\config.yaml loaded successfully]
[2024-12-29 20:09:51,742: INFO: common: yaml file: params.yaml loaded successfully]
[2024-12-29 20:09:51,747: INFO: common: yaml file: schema.yaml loaded successfully]
[2024-12-29 20:09:51,749: INFO: common: created directory at: artifacts]
[2024-12-29 20:09:51,750: INFO: common: created directory at: artifacts/data_transformation]
[2024-12-29 20:09:51,828: INFO: data_transformation: Splited data into training and test sets]
[2024-12-29 20:09:51,829: INFO: data_transformation: (1199, 12)]
[2024-12-29 20:09:51,830: INFO: data_transformation: (400, 12)]
[2024-12-29 20:09:51,831: INFO: main: >>>>>> stage Data Transformation Stage completed <<<<<<

x==========x]
[2024-12-29 20:09:51,833: INFO: main: >>>>>> stage Model Trainer Stage started <<<<<<]
[2024-12-29 20:09:51,843: INFO: common: yaml file: config\config.yaml loaded successfully]
[2024-12-29 20:09:51,846: INFO: common: yaml file: params.yaml loaded successfully]
[2024-12-29 20:09:51,858: INFO: common: yaml file: schema.yaml loaded successfully]
[2024-12-29 20:09:51,860: INFO: common: created directory at: artifacts]
[2024-12-29 20:09:51,861: INFO: common: created directory at: artifacts/model_trainer]
[2024-12-29 20:09:51,953: INFO: main: >>>>>> stage Model Trainer Stage completed <<<<<<

x==========x]
[2024-12-29 20:09:51,955: INFO: main: >>>>>> stage Model evaluation stage started <<<<<<]
[2024-12-29 20:09:51,969: INFO: common: yaml file: config\config.yaml loaded successfully]
[2024-12-29 20:09:51,974: INFO: common: yaml file: params.yaml loaded successfully]
[2024-12-29 20:09:51,978: INFO: common: yaml file: schema.yaml loaded successfully]
[2024-12-29 20:09:51,980: INFO: common: created directory at: artifacts]
[2024-12-29 20:09:51,981: INFO: common: created directory at: artifacts/model_evaluation]
[2024-12-29 20:09:54,127: INFO: common: json file saved at: artifacts\model_evaluation\metrics.json]
[2024-12-29 20:10:07,929: INFO: main: >>>>>> stage Model evaluation stage completed <<<<<<

x==========x]
[2024-12-29 20:10:08,721: INFO: _internal: 127.0.0.1 - - [29/Dec/2024 20:10:08] "GET /train HTTP/1.1" 200 -]
[2024-12-29 20:10:34,772: INFO: _internal: 127.0.0.1 - - [29/Dec/2024 20:10:34] "GET / HTTP/1.1" 200 -]
[2024-12-29 20:10:34,870: INFO: _internal: 127.0.0.1 - - [29/Dec/2024 20:10:34] "[33mGET /static/assets/img/form-v9.jpg HTTP/1.1[0m" 404 -]
[2024-12-29 20:11:13,177: INFO: _internal: 127.0.0.1 - - [29/Dec/2024 20:11:13] "POST /predict HTTP/1.1" 200 -]
[2024-12-29 20:11:17,718: INFO: _internal: 127.0.0.1 - - [29/Dec/2024 20:11:17] "POST /predict HTTP/1.1" 200 -]
[2024-12-29 20:11:31,103: INFO: _internal: 127.0.0.1 - - [29/Dec/2024 20:11:31] "POST /predict HTTP/1.1" 200 -]
[2024-12-29 20:11:49,609: INFO: _internal: 127.0.0.1 - - [29/Dec/2024 20:11:49] "POST /predict HTTP/1.1" 200 -]
[2024-12-29 20:11:54,897: INFO: _internal: 127.0.0.1 - - [29/Dec/2024 20:11:54] "POST /predict HTTP/1.1" 200 -]
[2024-12-29 20:12:45,883: INFO: _internal: 127.0.0.1 - - [29/Dec/2024 20:12:45] "POST /predict HTTP/1.1" 200 -]
[2024-12-29 20:13:49,996: INFO: _internal: 127.0.0.1 - - [29/Dec/2024 20:13:49] "POST /predict HTTP/1.1" 200 -]
[2024-12-29 20:14:38,398: INFO: _internal: 127.0.0.1 - - [29/Dec/2024 20:14:38] "POST /predict HTTP/1.1" 200 -]
[2024-12-29 20:22:03,134: INFO: _internal: 127.0.0.1 - - [29/Dec/2024 20:22:03] "POST /predict HTTP/1.1" 200 -]
[2024-12-29 20:27:09,486: INFO: _internal: 127.0.0.1 - - [29/Dec/2024 20:27:09] "POST /predict HTTP/1.1" 200 -]
[2024-12-29 20:29:39,458: INFO: _internal: 127.0.0.1 - - [29/Dec/2024 20:29:39] "POST /predict HTTP/1.1" 200 -]
[2024-12-29 20:29:56,596: INFO: main: >>>>>> stage Data Ingestion stage started <<<<<<]
[2024-12-29 20:29:56,605: INFO: common: yaml file: config\config.yaml loaded successfully]
[2024-12-29 20:29:56,611: INFO: common: yaml file: params.yaml loaded successfully]
[2024-12-29 20:29:56,625: INFO: common: yaml file: schema.yaml loaded successfully]
[2024-12-29 20:29:56,627: INFO: common: created directory at: artifacts]
[2024-12-29 20:29:56,628: INFO: common: created directory at: artifacts/data_ingestion]
[2024-12-29 20:29:56,630: INFO: data_ingestion: File already exists]
[2024-12-29 20:29:56,652: INFO: main: >>>>>> stage Data Ingestion stage completed <<<<<<

x==========x]
[2024-12-29 20:29:56,656: INFO: main: >>>>>> stage Data Validation Stage started <<<<<<]
[2024-12-29 20:29:56,675: INFO: common: yaml file: config\config.yaml loaded successfully]
[2024-12-29 20:29:56,679: INFO: common: yaml file: params.yaml loaded successfully]
[2024-12-29 20:29:56,690: INFO: common: yaml file: schema.yaml loaded successfully]
[2024-12-29 20:29:56,693: INFO: common: created directory at: artifacts]
[2024-12-29 20:29:56,694: INFO: common: created directory at: artifacts/data_validation]
[2024-12-29 20:29:56,790: INFO: main: >>>>>> stage Data Validation Stage completed <<<<<<

x==========x]
[2024-12-29 20:29:56,792: INFO: main: >>>>>> stage Data Transformation Stage started <<<<<<]
[2024-12-29 20:29:56,808: INFO: common: yaml file: config\config.yaml loaded successfully]
[2024-12-29 20:29:56,811: INFO: common: yaml file: params.yaml loaded successfully]
[2024-12-29 20:29:56,816: INFO: common: yaml file: schema.yaml loaded successfully]
[2024-12-29 20:29:56,818: INFO: common: created directory at: artifacts]
[2024-12-29 20:29:56,822: INFO: common: created directory at: artifacts/data_transformation]
[2024-12-29 20:29:56,910: INFO: data_transformation: Splited data into training and test sets]
[2024-12-29 20:29:56,911: INFO: data_transformation: (1199, 12)]
[2024-12-29 20:29:56,911: INFO: data_transformation: (400, 12)]
[2024-12-29 20:29:56,914: INFO: main: >>>>>> stage Data Transformation Stage completed <<<<<<

x==========x]
[2024-12-29 20:29:56,915: INFO: main: >>>>>> stage Model Trainer Stage started <<<<<<]
[2024-12-29 20:29:56,923: INFO: common: yaml file: config\config.yaml loaded successfully]
[2024-12-29 20:29:56,926: INFO: common: yaml file: params.yaml loaded successfully]
[2024-12-29 20:29:56,932: INFO: common: yaml file: schema.yaml loaded successfully]
[2024-12-29 20:29:56,934: INFO: common: created directory at: artifacts]
[2024-12-29 20:29:56,935: INFO: common: created directory at: artifacts/model_trainer]
[2024-12-29 20:29:57,030: INFO: main: >>>>>> stage Model Trainer Stage completed <<<<<<

x==========x]
[2024-12-29 20:29:57,031: INFO: main: >>>>>> stage Model evaluation stage started <<<<<<]
[2024-12-29 20:29:57,034: INFO: common: yaml file: config\config.yaml loaded successfully]
[2024-12-29 20:29:57,042: INFO: common: yaml file: params.yaml loaded successfully]
[2024-12-29 20:29:57,056: INFO: common: yaml file: schema.yaml loaded successfully]
[2024-12-29 20:29:57,058: INFO: common: created directory at: artifacts]
[2024-12-29 20:29:57,070: INFO: common: created directory at: artifacts/model_evaluation]
[2024-12-29 20:29:59,349: INFO: common: json file saved at: artifacts\model_evaluation\metrics.json]
[2024-12-29 20:30:14,881: INFO: main: >>>>>> stage Model evaluation stage completed <<<<<<

x==========x]
[2024-12-29 20:30:15,697: INFO: _internal: 127.0.0.1 - - [29/Dec/2024 20:30:15] "GET /train HTTP/1.1" 200 -]
[2024-12-29 20:30:37,206: INFO: _internal: 127.0.0.1 - - [29/Dec/2024 20:30:37] "GET / HTTP/1.1" 200 -]
[2024-12-29 20:30:37,305: INFO: _internal: 127.0.0.1 - - [29/Dec/2024 20:30:37] "[33mGET /static/assets/img/form-v9.jpg HTTP/1.1[0m" 404 -]
[2024-12-29 20:31:15,053: INFO: _internal: 127.0.0.1 - - [29/Dec/2024 20:31:15] "POST /predict HTTP/1.1" 200 -]
[2024-12-29 20:38:22,706: INFO: _internal: 127.0.0.1 - - [29/Dec/2024 20:38:22] "POST /predict HTTP/1.1" 200 -]
[2024-12-29 20:58:43,437: INFO: _internal: 127.0.0.1 - - [29/Dec/2024 20:58:43] "POST /predict HTTP/1.1" 200 -]
[2024-12-29 21:00:18,944: INFO: _internal: 127.0.0.1 - - [29/Dec/2024 21:00:18] "POST /predict HTTP/1.1" 200 -]
[2024-12-29 21:01:27,634: INFO: _internal: 127.0.0.1 - - [29/Dec/2024 21:01:27] "POST /predict HTTP/1.1" 200 -]
[2024-12-29 21:04:55,400: INFO: _internal: 127.0.0.1 - - [29/Dec/2024 21:04:55] "POST /predict HTTP/1.1" 200 -]
[2024-12-29 21:09:34,507: INFO: _internal: 127.0.0.1 - - [29/Dec/2024 21:09:34] "POST /predict HTTP/1.1" 200 -]
[2024-12-29 21:09:46,457: INFO: _internal: 127.0.0.1 - - [29/Dec/2024 21:09:46] "POST /predict HTTP/1.1" 200 -]
[2024-12-29 21:09:50,930: INFO: _internal: 127.0.0.1 - - [29/Dec/2024 21:09:50] "POST /predict HTTP/1.1" 200 -]
[2024-12-29 21:11:06,852: INFO: _internal: 127.0.0.1 - - [29/Dec/2024 21:11:06] "POST /predict HTTP/1.1" 200 -]
[2024-12-29 21:11:12,188: INFO: _internal: 127.0.0.1 - - [29/Dec/2024 21:11:12] "POST /predict HTTP/1.1" 200 -]
[2024-12-29 21:13:19,365: INFO: _internal: 127.0.0.1 - - [29/Dec/2024 21:13:19] "POST /predict HTTP/1.1" 200 -]
[2024-12-29 21:13:28,829: INFO: _internal: 127.0.0.1 - - [29/Dec/2024 21:13:28] "POST /predict HTTP/1.1" 200 -]
[2024-12-29 21:13:41,224: INFO: _internal: 127.0.0.1 - - [29/Dec/2024 21:13:41] "POST /predict HTTP/1.1" 200 -]
[2024-12-29 21:14:12,400: INFO: _internal: 127.0.0.1 - - [29/Dec/2024 21:14:12] "POST /predict HTTP/1.1" 200 -]
[2024-12-29 21:14:33,125: INFO: _internal: 127.0.0.1 - - [29/Dec/2024 21:14:33] "POST /predict HTTP/1.1" 200 -]
[2024-12-29 21:14:56,793: INFO: _internal: 127.0.0.1 - - [29/Dec/2024 21:14:56] "POST /predict HTTP/1.1" 200 -]
[2024-12-29 21:15:32,501: INFO: _internal: 127.0.0.1 - - [29/Dec/2024 21:15:32] "POST /predict HTTP/1.1" 200 -]
[2024-12-29 21:15:54,259: INFO: _internal: 127.0.0.1 - - [29/Dec/2024 21:15:54] "POST /predict HTTP/1.1" 200 -]
[2024-12-29 21:17:27,617: INFO: _internal: 127.0.0.1 - - [29/Dec/2024 21:17:27] "POST /predict HTTP/1.1" 200 -]
[2024-12-29 21:21:00,413: INFO: _internal: 127.0.0.1 - - [29/Dec/2024 21:21:00] "POST /predict HTTP/1.1" 200 -]
[2024-12-29 21:23:54,520: INFO: _internal: 127.0.0.1 - - [29/Dec/2024 21:23:54] "POST /predict HTTP/1.1" 200 -]
[2024-12-29 21:23:59,205: INFO: _internal: 127.0.0.1 - - [29/Dec/2024 21:23:59] "POST /predict HTTP/1.1" 200 -]
[2024-12-29 21:24:08,407: INFO: _internal: 127.0.0.1 - - [29/Dec/2024 21:24:08] "POST /predict HTTP/1.1" 200 -]
[2024-12-29 21:25:14,094: INFO: _internal: 127.0.0.1 - - [29/Dec/2024 21:25:14] "POST /predict HTTP/1.1" 200 -]
[2024-12-29 21:25:17,954: INFO: _internal: 127.0.0.1 - - [29/Dec/2024 21:25:17] "POST /predict HTTP/1.1" 200 -]
[2024-12-29 21:25:21,683: INFO: _internal: 127.0.0.1 - - [29/Dec/2024 21:25:21] "POST /predict HTTP/1.1" 200 -]
[2024-12-29 21:25:54,654: INFO: _internal: 127.0.0.1 - - [29/Dec/2024 21:25:54] "POST /predict HTTP/1.1" 200 -]
[2024-12-29 21:25:59,259: INFO: _internal: 127.0.0.1 - - [29/Dec/2024 21:25:59] "POST /predict HTTP/1.1" 200 -]
[2024-12-29 21:28:05,288: INFO: _internal: 127.0.0.1 - - [29/Dec/2024 21:28:05] "POST /predict HTTP/1.1" 200 -]
[2024-12-29 21:28:10,268: INFO: _internal: 127.0.0.1 - - [29/Dec/2024 21:28:10] "POST /predict HTTP/1.1" 200 -]
[2024-12-29 21:28:22,420: INFO: _internal: 127.0.0.1 - - [29/Dec/2024 21:28:22] "POST /predict HTTP/1.1" 200 -]
[2024-12-29 21:29:42,744: INFO: _internal: 127.0.0.1 - - [29/Dec/2024 21:29:42] "POST /predict HTTP/1.1" 200 -]
[2024-12-29 21:32:39,580: INFO: main: >>>>>> stage Data Ingestion stage started <<<<<<]
[2024-12-29 21:32:39,590: INFO: common: yaml file: config\config.yaml loaded successfully]
[2024-12-29 21:32:39,608: INFO: common: yaml file: params.yaml loaded successfully]
[2024-12-29 21:32:39,639: INFO: common: yaml file: schema.yaml loaded successfully]
[2024-12-29 21:32:39,641: INFO: common: created directory at: artifacts]
[2024-12-29 21:32:39,642: INFO: common: created directory at: artifacts/data_ingestion]
[2024-12-29 21:32:39,646: INFO: data_ingestion: File already exists]
[2024-12-29 21:32:39,667: INFO: main: >>>>>> stage Data Ingestion stage completed <<<<<<

x==========x]
[2024-12-29 21:32:39,668: INFO: main: >>>>>> stage Data Validation Stage started <<<<<<]
[2024-12-29 21:32:39,684: INFO: common: yaml file: config\config.yaml loaded successfully]
[2024-12-29 21:32:39,686: INFO: common: yaml file: params.yaml loaded successfully]
[2024-12-29 21:32:39,690: INFO: common: yaml file: schema.yaml loaded successfully]
[2024-12-29 21:32:39,696: INFO: common: created directory at: artifacts]
[2024-12-29 21:32:39,698: INFO: common: created directory at: artifacts/data_validation]
[2024-12-29 21:32:39,771: INFO: main: >>>>>> stage Data Validation Stage completed <<<<<<

x==========x]
[2024-12-29 21:32:39,772: INFO: main: >>>>>> stage Data Transformation Stage started <<<<<<]
[2024-12-29 21:32:39,793: INFO: common: yaml file: config\config.yaml loaded successfully]
[2024-12-29 21:32:39,799: INFO: common: yaml file: params.yaml loaded successfully]
[2024-12-29 21:32:39,803: INFO: common: yaml file: schema.yaml loaded successfully]
[2024-12-29 21:32:39,805: INFO: common: created directory at: artifacts]
[2024-12-29 21:32:39,807: INFO: common: created directory at: artifacts/data_transformation]
[2024-12-29 21:32:39,872: INFO: data_transformation: Splited data into training and test sets]
[2024-12-29 21:32:39,873: INFO: data_transformation: (1199, 12)]
[2024-12-29 21:32:39,874: INFO: data_transformation: (400, 12)]
[2024-12-29 21:32:39,877: INFO: main: >>>>>> stage Data Transformation Stage completed <<<<<<

x==========x]
[2024-12-29 21:32:39,878: INFO: main: >>>>>> stage Model Trainer Stage started <<<<<<]
[2024-12-29 21:32:39,890: INFO: common: yaml file: config\config.yaml loaded successfully]
[2024-12-29 21:32:39,895: INFO: common: yaml file: params.yaml loaded successfully]
[2024-12-29 21:32:39,903: INFO: common: yaml file: schema.yaml loaded successfully]
[2024-12-29 21:32:39,904: INFO: common: created directory at: artifacts]
[2024-12-29 21:32:39,905: INFO: common: created directory at: artifacts/model_trainer]
[2024-12-29 21:32:39,989: INFO: main: >>>>>> stage Model Trainer Stage completed <<<<<<

x==========x]
[2024-12-29 21:32:39,992: INFO: main: >>>>>> stage Model evaluation stage started <<<<<<]
[2024-12-29 21:32:39,998: INFO: common: yaml file: config\config.yaml loaded successfully]
[2024-12-29 21:32:40,001: INFO: common: yaml file: params.yaml loaded successfully]
[2024-12-29 21:32:40,005: INFO: common: yaml file: schema.yaml loaded successfully]
[2024-12-29 21:32:40,007: INFO: common: created directory at: artifacts]
[2024-12-29 21:32:40,009: INFO: common: created directory at: artifacts/model_evaluation]
[2024-12-29 21:32:42,695: INFO: common: json file saved at: artifacts\model_evaluation\metrics.json]
[2024-12-29 21:33:02,578: INFO: main: >>>>>> stage Model evaluation stage completed <<<<<<

x==========x]
[2024-12-29 21:34:11,469: INFO: _internal: [31m[1mWARNING: This is a development server. Do not use it in a production deployment. Use a production WSGI server instead.[0m
 * Running on all addresses (0.0.0.0)
 * Running on http://127.0.0.1:8080
 * Running on http://192.168.29.131:8080]
[2024-12-29 21:34:11,471: INFO: _internal: [33mPress CTRL+C to quit[0m]
[2024-12-29 21:34:42,037: INFO: _internal: 127.0.0.1 - - [29/Dec/2024 21:34:42] "GET / HTTP/1.1" 200 -]
[2024-12-29 21:34:42,187: INFO: _internal: 127.0.0.1 - - [29/Dec/2024 21:34:42] "[33mGET /static/assets/img/form-v9.jpg HTTP/1.1[0m" 404 -]
[2024-12-29 21:34:58,756: INFO: main: >>>>>> stage Data Ingestion stage started <<<<<<]
[2024-12-29 21:34:58,764: INFO: common: yaml file: config\config.yaml loaded successfully]
[2024-12-29 21:34:58,773: INFO: common: yaml file: params.yaml loaded successfully]
[2024-12-29 21:34:58,784: INFO: common: yaml file: schema.yaml loaded successfully]
[2024-12-29 21:34:58,787: INFO: common: created directory at: artifacts]
[2024-12-29 21:34:58,790: INFO: common: created directory at: artifacts/data_ingestion]
[2024-12-29 21:34:58,795: INFO: data_ingestion: File already exists]
[2024-12-29 21:34:58,816: INFO: main: >>>>>> stage Data Ingestion stage completed <<<<<<

x==========x]
[2024-12-29 21:34:58,819: INFO: main: >>>>>> stage Data Validation Stage started <<<<<<]
[2024-12-29 21:34:58,827: INFO: common: yaml file: config\config.yaml loaded successfully]
[2024-12-29 21:34:58,830: INFO: common: yaml file: params.yaml loaded successfully]
[2024-12-29 21:34:58,842: INFO: common: yaml file: schema.yaml loaded successfully]
[2024-12-29 21:34:58,843: INFO: common: created directory at: artifacts]
[2024-12-29 21:34:58,845: INFO: common: created directory at: artifacts/data_validation]
[2024-12-29 21:34:58,926: INFO: main: >>>>>> stage Data Validation Stage completed <<<<<<

x==========x]
[2024-12-29 21:34:58,928: INFO: main: >>>>>> stage Data Transformation Stage started <<<<<<]
[2024-12-29 21:34:58,938: INFO: common: yaml file: config\config.yaml loaded successfully]
[2024-12-29 21:34:58,940: INFO: common: yaml file: params.yaml loaded successfully]
[2024-12-29 21:34:58,945: INFO: common: yaml file: schema.yaml loaded successfully]
[2024-12-29 21:34:58,947: INFO: common: created directory at: artifacts]
[2024-12-29 21:34:58,949: INFO: common: created directory at: artifacts/data_transformation]
[2024-12-29 21:34:59,018: INFO: data_transformation: Splited data into training and test sets]
[2024-12-29 21:34:59,019: INFO: data_transformation: (1199, 12)]
[2024-12-29 21:34:59,020: INFO: data_transformation: (400, 12)]
[2024-12-29 21:34:59,023: INFO: main: >>>>>> stage Data Transformation Stage completed <<<<<<

x==========x]
[2024-12-29 21:34:59,024: INFO: main: >>>>>> stage Model Trainer Stage started <<<<<<]
[2024-12-29 21:34:59,042: INFO: common: yaml file: config\config.yaml loaded successfully]
[2024-12-29 21:34:59,045: INFO: common: yaml file: params.yaml loaded successfully]
[2024-12-29 21:34:59,056: INFO: common: yaml file: schema.yaml loaded successfully]
[2024-12-29 21:34:59,057: INFO: common: created directory at: artifacts]
[2024-12-29 21:34:59,059: INFO: common: created directory at: artifacts/model_trainer]
[2024-12-29 21:34:59,160: INFO: main: >>>>>> stage Model Trainer Stage completed <<<<<<

x==========x]
[2024-12-29 21:34:59,161: INFO: main: >>>>>> stage Model evaluation stage started <<<<<<]
[2024-12-29 21:34:59,169: INFO: common: yaml file: config\config.yaml loaded successfully]
[2024-12-29 21:34:59,173: INFO: common: yaml file: params.yaml loaded successfully]
[2024-12-29 21:34:59,183: INFO: common: yaml file: schema.yaml loaded successfully]
[2024-12-29 21:34:59,186: INFO: common: created directory at: artifacts]
[2024-12-29 21:34:59,187: INFO: common: created directory at: artifacts/model_evaluation]
[2024-12-29 21:35:01,423: INFO: common: json file saved at: artifacts\model_evaluation\metrics.json]
[2024-12-29 21:35:14,263: INFO: main: >>>>>> stage Model evaluation stage completed <<<<<<

x==========x]
[2024-12-29 21:35:14,915: INFO: _internal: 127.0.0.1 - - [29/Dec/2024 21:35:14] "GET /train HTTP/1.1" 200 -]
[2024-12-29 21:35:35,514: INFO: _internal: 127.0.0.1 - - [29/Dec/2024 21:35:35] "GET / HTTP/1.1" 200 -]
[2024-12-29 21:35:35,589: INFO: _internal: 127.0.0.1 - - [29/Dec/2024 21:35:35] "[33mGET /static/assets/img/form-v9.jpg HTTP/1.1[0m" 404 -]
[2024-12-29 21:35:58,006: INFO: _internal: 127.0.0.1 - - [29/Dec/2024 21:35:58] "POST /predict HTTP/1.1" 200 -]
[2024-12-29 21:40:37,145: INFO: _internal: [31m[1mWARNING: This is a development server. Do not use it in a production deployment. Use a production WSGI server instead.[0m
 * Running on all addresses (0.0.0.0)
 * Running on http://127.0.0.1:8080
 * Running on http://192.168.29.131:8080]
[2024-12-29 21:40:37,146: INFO: _internal: [33mPress CTRL+C to quit[0m]
[2024-12-29 21:40:55,404: INFO: _internal: 127.0.0.1 - - [29/Dec/2024 21:40:55] "GET / HTTP/1.1" 200 -]
[2024-12-29 21:40:55,481: INFO: _internal: 127.0.0.1 - - [29/Dec/2024 21:40:55] "[33mGET /static/assets/img/form-v9.jpg HTTP/1.1[0m" 404 -]
[2024-12-29 21:41:11,142: INFO: main: >>>>>> stage Data Ingestion stage started <<<<<<]
[2024-12-29 21:41:11,150: INFO: common: yaml file: config\config.yaml loaded successfully]
[2024-12-29 21:41:11,158: INFO: common: yaml file: params.yaml loaded successfully]
[2024-12-29 21:41:11,172: INFO: common: yaml file: schema.yaml loaded successfully]
[2024-12-29 21:41:11,180: INFO: common: created directory at: artifacts]
[2024-12-29 21:41:11,182: INFO: common: created directory at: artifacts/data_ingestion]
[2024-12-29 21:41:11,183: INFO: data_ingestion: File already exists]
[2024-12-29 21:41:11,203: INFO: main: >>>>>> stage Data Ingestion stage completed <<<<<<

x==========x]
[2024-12-29 21:41:11,205: INFO: main: >>>>>> stage Data Validation Stage started <<<<<<]
[2024-12-29 21:41:11,219: INFO: common: yaml file: config\config.yaml loaded successfully]
[2024-12-29 21:41:11,223: INFO: common: yaml file: params.yaml loaded successfully]
[2024-12-29 21:41:11,235: INFO: common: yaml file: schema.yaml loaded successfully]
[2024-12-29 21:41:11,236: INFO: common: created directory at: artifacts]
[2024-12-29 21:41:11,238: INFO: common: created directory at: artifacts/data_validation]
[2024-12-29 21:41:11,316: INFO: main: >>>>>> stage Data Validation Stage completed <<<<<<

x==========x]
[2024-12-29 21:41:11,317: INFO: main: >>>>>> stage Data Transformation Stage started <<<<<<]
[2024-12-29 21:41:11,327: INFO: common: yaml file: config\config.yaml loaded successfully]
[2024-12-29 21:41:11,330: INFO: common: yaml file: params.yaml loaded successfully]
[2024-12-29 21:41:11,335: INFO: common: yaml file: schema.yaml loaded successfully]
[2024-12-29 21:41:11,336: INFO: common: created directory at: artifacts]
[2024-12-29 21:41:11,338: INFO: common: created directory at: artifacts/data_transformation]
[2024-12-29 21:41:11,411: INFO: data_transformation: Splited data into training and test sets]
[2024-12-29 21:41:11,412: INFO: data_transformation: (1199, 12)]
[2024-12-29 21:41:11,413: INFO: data_transformation: (400, 12)]
[2024-12-29 21:41:11,415: INFO: main: >>>>>> stage Data Transformation Stage completed <<<<<<

x==========x]
[2024-12-29 21:41:11,416: INFO: main: >>>>>> stage Model Trainer Stage started <<<<<<]
[2024-12-29 21:41:11,432: INFO: common: yaml file: config\config.yaml loaded successfully]
[2024-12-29 21:41:11,434: INFO: common: yaml file: params.yaml loaded successfully]
[2024-12-29 21:41:11,439: INFO: common: yaml file: schema.yaml loaded successfully]
[2024-12-29 21:41:11,440: INFO: common: created directory at: artifacts]
[2024-12-29 21:41:11,443: INFO: common: created directory at: artifacts/model_trainer]
[2024-12-29 21:41:11,548: INFO: main: >>>>>> stage Model Trainer Stage completed <<<<<<

x==========x]
[2024-12-29 21:41:11,549: INFO: main: >>>>>> stage Model evaluation stage started <<<<<<]
[2024-12-29 21:41:11,557: INFO: common: yaml file: config\config.yaml loaded successfully]
[2024-12-29 21:41:11,567: INFO: common: yaml file: params.yaml loaded successfully]
[2024-12-29 21:41:11,573: INFO: common: yaml file: schema.yaml loaded successfully]
[2024-12-29 21:41:11,575: INFO: common: created directory at: artifacts]
[2024-12-29 21:41:11,580: INFO: common: created directory at: artifacts/model_evaluation]
[2024-12-29 21:41:13,939: INFO: common: json file saved at: artifacts\model_evaluation\metrics.json]
[2024-12-29 21:41:31,485: INFO: main: >>>>>> stage Model evaluation stage completed <<<<<<

x==========x]
[2024-12-29 21:41:32,267: INFO: _internal: 127.0.0.1 - - [29/Dec/2024 21:41:32] "GET /train HTTP/1.1" 200 -]
[2024-12-29 21:41:48,909: INFO: _internal: 127.0.0.1 - - [29/Dec/2024 21:41:48] "GET / HTTP/1.1" 200 -]
[2024-12-29 21:41:49,009: INFO: _internal: 127.0.0.1 - - [29/Dec/2024 21:41:49] "[33mGET /static/assets/img/form-v9.jpg HTTP/1.1[0m" 404 -]
[2024-12-29 21:42:10,818: INFO: _internal: 127.0.0.1 - - [29/Dec/2024 21:42:10] "POST /predict HTTP/1.1" 200 -]
[2024-12-29 21:43:01,030: INFO: _internal: 127.0.0.1 - - [29/Dec/2024 21:43:01] "POST /predict HTTP/1.1" 200 -]
[2024-12-29 21:54:01,533: INFO: _internal: [31m[1mWARNING: This is a development server. Do not use it in a production deployment. Use a production WSGI server instead.[0m
 * Running on all addresses (0.0.0.0)
 * Running on http://127.0.0.1:8080
 * Running on http://192.168.29.131:8080]
[2024-12-29 21:54:01,534: INFO: _internal: [33mPress CTRL+C to quit[0m]
[2024-12-29 21:54:10,961: INFO: _internal: 127.0.0.1 - - [29/Dec/2024 21:54:10] "GET / HTTP/1.1" 200 -]
[2024-12-29 21:54:11,367: INFO: _internal: 127.0.0.1 - - [29/Dec/2024 21:54:11] "[33mGET /static/assets/img/form-v9.jpg HTTP/1.1[0m" 404 -]
[2024-12-29 21:54:27,091: INFO: main: >>>>>> stage Data Ingestion stage started <<<<<<]
[2024-12-29 21:54:27,100: INFO: common: yaml file: config\config.yaml loaded successfully]
[2024-12-29 21:54:27,108: INFO: common: yaml file: params.yaml loaded successfully]
[2024-12-29 21:54:27,118: INFO: common: yaml file: schema.yaml loaded successfully]
[2024-12-29 21:54:27,129: INFO: common: created directory at: artifacts]
[2024-12-29 21:54:27,133: INFO: common: created directory at: artifacts/data_ingestion]
[2024-12-29 21:54:27,134: INFO: data_ingestion: File already exists]
[2024-12-29 21:54:27,166: INFO: main: >>>>>> stage Data Ingestion stage completed <<<<<<

x==========x]
[2024-12-29 21:54:27,167: INFO: main: >>>>>> stage Data Validation Stage started <<<<<<]
[2024-12-29 21:54:27,194: INFO: common: yaml file: config\config.yaml loaded successfully]
[2024-12-29 21:54:27,197: INFO: common: yaml file: params.yaml loaded successfully]
[2024-12-29 21:54:27,208: INFO: common: yaml file: schema.yaml loaded successfully]
[2024-12-29 21:54:27,210: INFO: common: created directory at: artifacts]
[2024-12-29 21:54:27,212: INFO: common: created directory at: artifacts/data_validation]
[2024-12-29 21:54:27,573: INFO: main: >>>>>> stage Data Validation Stage completed <<<<<<

x==========x]
[2024-12-29 21:54:27,574: INFO: main: >>>>>> stage Data Transformation Stage started <<<<<<]
[2024-12-29 21:54:27,584: INFO: common: yaml file: config\config.yaml loaded successfully]
[2024-12-29 21:54:27,589: INFO: common: yaml file: params.yaml loaded successfully]
[2024-12-29 21:54:27,599: INFO: common: yaml file: schema.yaml loaded successfully]
[2024-12-29 21:54:27,601: INFO: common: created directory at: artifacts]
[2024-12-29 21:54:27,606: INFO: common: created directory at: artifacts/data_transformation]
[2024-12-29 21:54:27,699: INFO: data_transformation: Splited data into training and test sets]
[2024-12-29 21:54:27,700: INFO: data_transformation: (1199, 12)]
[2024-12-29 21:54:27,706: INFO: data_transformation: (400, 12)]
[2024-12-29 21:54:27,714: INFO: main: >>>>>> stage Data Transformation Stage completed <<<<<<

x==========x]
[2024-12-29 21:54:27,720: INFO: main: >>>>>> stage Model Trainer Stage started <<<<<<]
[2024-12-29 21:54:27,744: INFO: common: yaml file: config\config.yaml loaded successfully]
[2024-12-29 21:54:27,748: INFO: common: yaml file: params.yaml loaded successfully]
[2024-12-29 21:54:27,767: INFO: common: yaml file: schema.yaml loaded successfully]
[2024-12-29 21:54:27,776: INFO: common: created directory at: artifacts]
[2024-12-29 21:54:27,780: INFO: common: created directory at: artifacts/model_trainer]
[2024-12-29 21:54:27,905: INFO: main: >>>>>> stage Model Trainer Stage completed <<<<<<

x==========x]
[2024-12-29 21:54:27,907: INFO: main: >>>>>> stage Model evaluation stage started <<<<<<]
[2024-12-29 21:54:27,913: INFO: common: yaml file: config\config.yaml loaded successfully]
[2024-12-29 21:54:27,916: INFO: common: yaml file: params.yaml loaded successfully]
[2024-12-29 21:54:27,928: INFO: common: yaml file: schema.yaml loaded successfully]
[2024-12-29 21:54:27,930: INFO: common: created directory at: artifacts]
[2024-12-29 21:54:27,933: INFO: common: created directory at: artifacts/model_evaluation]
[2024-12-29 21:54:30,899: INFO: common: json file saved at: artifacts\model_evaluation\metrics.json]
[2024-12-29 21:54:54,274: INFO: main: >>>>>> stage Model evaluation stage completed <<<<<<

x==========x]
[2024-12-29 21:54:55,606: INFO: _internal: 127.0.0.1 - - [29/Dec/2024 21:54:55] "GET /train HTTP/1.1" 200 -]
[2024-12-29 21:55:26,879: INFO: _internal: 127.0.0.1 - - [29/Dec/2024 21:55:26] "POST /predict HTTP/1.1" 200 -]
[2024-12-29 21:56:01,938: INFO: _internal: [31m[1mWARNING: This is a development server. Do not use it in a production deployment. Use a production WSGI server instead.[0m
 * Running on all addresses (0.0.0.0)
 * Running on http://127.0.0.1:8080
 * Running on http://192.168.29.131:8080]
[2024-12-29 21:56:01,940: INFO: _internal: [33mPress CTRL+C to quit[0m]
[2024-12-29 21:56:18,154: INFO: _internal: 127.0.0.1 - - [29/Dec/2024 21:56:18] "GET / HTTP/1.1" 200 -]
[2024-12-29 21:56:18,958: INFO: _internal: 127.0.0.1 - - [29/Dec/2024 21:56:18] "[33mGET /static/assets/img/form-v9.jpg HTTP/1.1[0m" 404 -]
[2024-12-29 21:56:33,996: INFO: main: >>>>>> stage Data Ingestion stage started <<<<<<]
[2024-12-29 21:56:34,004: INFO: common: yaml file: config\config.yaml loaded successfully]
[2024-12-29 21:56:34,009: INFO: common: yaml file: params.yaml loaded successfully]
[2024-12-29 21:56:34,025: INFO: common: yaml file: schema.yaml loaded successfully]
[2024-12-29 21:56:34,029: INFO: common: created directory at: artifacts]
[2024-12-29 21:56:34,030: INFO: common: created directory at: artifacts/data_ingestion]
[2024-12-29 21:56:34,032: INFO: data_ingestion: File already exists]
[2024-12-29 21:56:34,046: INFO: main: >>>>>> stage Data Ingestion stage completed <<<<<<

x==========x]
[2024-12-29 21:56:34,048: INFO: main: >>>>>> stage Data Validation Stage started <<<<<<]
[2024-12-29 21:56:34,058: INFO: common: yaml file: config\config.yaml loaded successfully]
[2024-12-29 21:56:34,064: INFO: common: yaml file: params.yaml loaded successfully]
[2024-12-29 21:56:34,071: INFO: common: yaml file: schema.yaml loaded successfully]
[2024-12-29 21:56:34,073: INFO: common: created directory at: artifacts]
[2024-12-29 21:56:34,074: INFO: common: created directory at: artifacts/data_validation]
[2024-12-29 21:56:34,201: INFO: main: >>>>>> stage Data Validation Stage completed <<<<<<

x==========x]
[2024-12-29 21:56:34,202: INFO: main: >>>>>> stage Data Transformation Stage started <<<<<<]
[2024-12-29 21:56:34,213: INFO: common: yaml file: config\config.yaml loaded successfully]
[2024-12-29 21:56:34,216: INFO: common: yaml file: params.yaml loaded successfully]
[2024-12-29 21:56:34,224: INFO: common: yaml file: schema.yaml loaded successfully]
[2024-12-29 21:56:34,226: INFO: common: created directory at: artifacts]
[2024-12-29 21:56:34,228: INFO: common: created directory at: artifacts/data_transformation]
[2024-12-29 21:56:34,302: INFO: data_transformation: Splited data into training and test sets]
[2024-12-29 21:56:34,303: INFO: data_transformation: (1199, 12)]
[2024-12-29 21:56:34,304: INFO: data_transformation: (400, 12)]
[2024-12-29 21:56:34,306: INFO: main: >>>>>> stage Data Transformation Stage completed <<<<<<

x==========x]
[2024-12-29 21:56:34,307: INFO: main: >>>>>> stage Model Trainer Stage started <<<<<<]
[2024-12-29 21:56:34,316: INFO: common: yaml file: config\config.yaml loaded successfully]
[2024-12-29 21:56:34,318: INFO: common: yaml file: params.yaml loaded successfully]
[2024-12-29 21:56:34,323: INFO: common: yaml file: schema.yaml loaded successfully]
[2024-12-29 21:56:34,325: INFO: common: created directory at: artifacts]
[2024-12-29 21:56:34,326: INFO: common: created directory at: artifacts/model_trainer]
[2024-12-29 21:56:34,439: INFO: main: >>>>>> stage Model Trainer Stage completed <<<<<<

x==========x]
[2024-12-29 21:56:34,440: INFO: main: >>>>>> stage Model evaluation stage started <<<<<<]
[2024-12-29 21:56:34,449: INFO: common: yaml file: config\config.yaml loaded successfully]
[2024-12-29 21:56:34,452: INFO: common: yaml file: params.yaml loaded successfully]
[2024-12-29 21:56:34,461: INFO: common: yaml file: schema.yaml loaded successfully]
[2024-12-29 21:56:34,465: INFO: common: created directory at: artifacts]
[2024-12-29 21:56:34,466: INFO: common: created directory at: artifacts/model_evaluation]
[2024-12-29 21:56:36,631: INFO: common: json file saved at: artifacts\model_evaluation\metrics.json]
[2024-12-29 21:56:50,684: INFO: main: >>>>>> stage Model evaluation stage completed <<<<<<

x==========x]
[2024-12-29 21:56:51,440: INFO: _internal: 127.0.0.1 - - [29/Dec/2024 21:56:51] "GET /train HTTP/1.1" 200 -]
[2024-12-29 21:56:53,152: INFO: main: >>>>>> stage Data Ingestion stage started <<<<<<]
[2024-12-29 21:56:53,166: INFO: common: yaml file: config\config.yaml loaded successfully]
[2024-12-29 21:56:53,169: INFO: common: yaml file: params.yaml loaded successfully]
[2024-12-29 21:56:53,179: INFO: common: yaml file: schema.yaml loaded successfully]
[2024-12-29 21:56:53,181: INFO: common: created directory at: artifacts]
[2024-12-29 21:56:53,182: INFO: common: created directory at: artifacts/data_ingestion]
[2024-12-29 21:56:53,184: INFO: data_ingestion: File already exists]
[2024-12-29 21:56:53,211: INFO: main: >>>>>> stage Data Ingestion stage completed <<<<<<

x==========x]
[2024-12-29 21:56:53,214: INFO: main: >>>>>> stage Data Validation Stage started <<<<<<]
[2024-12-29 21:56:53,222: INFO: common: yaml file: config\config.yaml loaded successfully]
[2024-12-29 21:56:53,228: INFO: common: yaml file: params.yaml loaded successfully]
[2024-12-29 21:56:53,234: INFO: common: yaml file: schema.yaml loaded successfully]
[2024-12-29 21:56:53,236: INFO: common: created directory at: artifacts]
[2024-12-29 21:56:53,237: INFO: common: created directory at: artifacts/data_validation]
[2024-12-29 21:56:53,283: INFO: main: >>>>>> stage Data Validation Stage completed <<<<<<

x==========x]
[2024-12-29 21:56:53,284: INFO: main: >>>>>> stage Data Transformation Stage started <<<<<<]
[2024-12-29 21:56:53,300: INFO: common: yaml file: config\config.yaml loaded successfully]
[2024-12-29 21:56:53,304: INFO: common: yaml file: params.yaml loaded successfully]
[2024-12-29 21:56:53,316: INFO: common: yaml file: schema.yaml loaded successfully]
[2024-12-29 21:56:53,317: INFO: common: created directory at: artifacts]
[2024-12-29 21:56:53,318: INFO: common: created directory at: artifacts/data_transformation]
[2024-12-29 21:56:53,365: INFO: data_transformation: Splited data into training and test sets]
[2024-12-29 21:56:53,365: INFO: data_transformation: (1199, 12)]
[2024-12-29 21:56:53,366: INFO: data_transformation: (400, 12)]
[2024-12-29 21:56:53,368: INFO: main: >>>>>> stage Data Transformation Stage completed <<<<<<

x==========x]
[2024-12-29 21:56:53,369: INFO: main: >>>>>> stage Model Trainer Stage started <<<<<<]
[2024-12-29 21:56:53,379: INFO: common: yaml file: config\config.yaml loaded successfully]
[2024-12-29 21:56:53,383: INFO: common: yaml file: params.yaml loaded successfully]
[2024-12-29 21:56:53,391: INFO: common: yaml file: schema.yaml loaded successfully]
[2024-12-29 21:56:53,393: INFO: common: created directory at: artifacts]
[2024-12-29 21:56:53,395: INFO: common: created directory at: artifacts/model_trainer]
[2024-12-29 21:56:53,474: INFO: main: >>>>>> stage Model Trainer Stage completed <<<<<<

x==========x]
[2024-12-29 21:56:53,475: INFO: main: >>>>>> stage Model evaluation stage started <<<<<<]
[2024-12-29 21:56:53,482: INFO: common: yaml file: config\config.yaml loaded successfully]
[2024-12-29 21:56:53,485: INFO: common: yaml file: params.yaml loaded successfully]
[2024-12-29 21:56:53,489: INFO: common: yaml file: schema.yaml loaded successfully]
[2024-12-29 21:56:53,495: INFO: common: created directory at: artifacts]
[2024-12-29 21:56:53,496: INFO: common: created directory at: artifacts/model_evaluation]
[2024-12-29 21:56:55,666: INFO: common: json file saved at: artifacts\model_evaluation\metrics.json]
[2024-12-29 21:57:07,232: INFO: main: >>>>>> stage Model evaluation stage completed <<<<<<

x==========x]
[2024-12-29 21:57:07,909: INFO: _internal: 127.0.0.1 - - [29/Dec/2024 21:57:07] "GET /train HTTP/1.1" 200 -]
[2024-12-29 21:57:20,725: INFO: _internal: 127.0.0.1 - - [29/Dec/2024 21:57:20] "GET / HTTP/1.1" 200 -]
[2024-12-29 21:57:20,787: INFO: _internal: 127.0.0.1 - - [29/Dec/2024 21:57:20] "[33mGET /static/assets/img/form-v9.jpg HTTP/1.1[0m" 404 -]
[2024-12-29 21:57:48,258: INFO: _internal: 127.0.0.1 - - [29/Dec/2024 21:57:48] "POST /predict HTTP/1.1" 200 -]
